{"/home/runner/workspace/server/auth.ts": {"path":"/home/runner/workspace/server/auth.ts","statementMap":{"0":{"start":{"line":14,"column":20},"end":{"line":14,"column":null}},"1":{"start":{"line":15,"column":27},"end":{"line":15,"column":null}},"2":{"start":{"line":28,"column":8},"end":{"line":28,"column":null}},"3":{"start":{"line":30,"column":2},"end":{"line":38,"column":null}},"4":{"start":{"line":42,"column":2},"end":{"line":42,"column":null}},"5":{"start":{"line":46,"column":2},"end":{"line":46,"column":null}},"6":{"start":{"line":50,"column":2},"end":{"line":52,"column":null}},"7":{"start":{"line":51,"column":4},"end":{"line":51,"column":null}},"8":{"start":{"line":53,"column":2},"end":{"line":53,"column":null}},"9":{"start":{"line":57,"column":2},"end":{"line":59,"column":null}},"10":{"start":{"line":58,"column":4},"end":{"line":58,"column":null}},"11":{"start":{"line":60,"column":2},"end":{"line":60,"column":null}},"12":{"start":{"line":64,"column":15},"end":{"line":64,"column":null}},"13":{"start":{"line":65,"column":2},"end":{"line":67,"column":null}},"14":{"start":{"line":66,"column":4},"end":{"line":66,"column":null}},"15":{"start":{"line":68,"column":2},"end":{"line":68,"column":null}},"16":{"start":{"line":72,"column":15},"end":{"line":72,"column":null}},"17":{"start":{"line":73,"column":2},"end":{"line":75,"column":null}},"18":{"start":{"line":74,"column":4},"end":{"line":74,"column":null}},"19":{"start":{"line":76,"column":2},"end":{"line":76,"column":null}},"20":{"start":{"line":80,"column":15},"end":{"line":80,"column":null}},"21":{"start":{"line":81,"column":2},"end":{"line":83,"column":null}},"22":{"start":{"line":82,"column":4},"end":{"line":82,"column":null}},"23":{"start":{"line":84,"column":2},"end":{"line":84,"column":null}}},"fnMap":{"0":{"name":"validatePasswordStrength","decl":{"start":{"line":27,"column":16},"end":{"line":27,"column":41}},"loc":{"start":{"line":27,"column":112},"end":{"line":39,"column":null}},"line":27},"1":{"name":"hashPassword","decl":{"start":{"line":41,"column":22},"end":{"line":41,"column":35}},"loc":{"start":{"line":41,"column":70},"end":{"line":43,"column":null}},"line":41},"2":{"name":"verifyPassword","decl":{"start":{"line":45,"column":22},"end":{"line":45,"column":37}},"loc":{"start":{"line":45,"column":87},"end":{"line":47,"column":null}},"line":45},"3":{"name":"isAuthenticated","decl":{"start":{"line":49,"column":16},"end":{"line":49,"column":32}},"loc":{"start":{"line":49,"column":81},"end":{"line":54,"column":null}},"line":49},"4":{"name":"isAdmin","decl":{"start":{"line":56,"column":16},"end":{"line":56,"column":24}},"loc":{"start":{"line":56,"column":73},"end":{"line":61,"column":null}},"line":56},"5":{"name":"isMedico","decl":{"start":{"line":63,"column":16},"end":{"line":63,"column":25}},"loc":{"start":{"line":63,"column":74},"end":{"line":69,"column":null}},"line":63},"6":{"name":"isEnfermeria","decl":{"start":{"line":71,"column":16},"end":{"line":71,"column":29}},"loc":{"start":{"line":71,"column":78},"end":{"line":77,"column":null}},"line":71},"7":{"name":"isMedicoOrEnfermeria","decl":{"start":{"line":79,"column":16},"end":{"line":79,"column":37}},"loc":{"start":{"line":79,"column":86},"end":{"line":85,"column":null}},"line":79}},"branchMap":{"0":{"loc":{"start":{"line":27,"column":59},"end":{"line":27,"column":112}},"type":"default-arg","locations":[{"start":{"line":27,"column":82},"end":{"line":27,"column":112}}],"line":27},"1":{"loc":{"start":{"line":34,"column":15},"end":{"line":34,"column":null}},"type":"binary-expr","locations":[{"start":{"line":34,"column":15},"end":{"line":34,"column":42}},{"start":{"line":34,"column":42},"end":{"line":34,"column":null}}],"line":34},"2":{"loc":{"start":{"line":35,"column":19},"end":{"line":35,"column":null}},"type":"binary-expr","locations":[{"start":{"line":35,"column":19},"end":{"line":35,"column":50}},{"start":{"line":35,"column":50},"end":{"line":35,"column":null}}],"line":35},"3":{"loc":{"start":{"line":50,"column":2},"end":{"line":52,"column":null}},"type":"if","locations":[{"start":{"line":50,"column":2},"end":{"line":52,"column":null}},{"start":{},"end":{}}],"line":50},"4":{"loc":{"start":{"line":57,"column":2},"end":{"line":59,"column":null}},"type":"if","locations":[{"start":{"line":57,"column":2},"end":{"line":59,"column":null}},{"start":{},"end":{}}],"line":57},"5":{"loc":{"start":{"line":65,"column":2},"end":{"line":67,"column":null}},"type":"if","locations":[{"start":{"line":65,"column":2},"end":{"line":67,"column":null}},{"start":{},"end":{}}],"line":65},"6":{"loc":{"start":{"line":65,"column":6},"end":{"line":65,"column":45}},"type":"binary-expr","locations":[{"start":{"line":65,"column":6},"end":{"line":65,"column":27}},{"start":{"line":65,"column":27},"end":{"line":65,"column":45}}],"line":65},"7":{"loc":{"start":{"line":73,"column":2},"end":{"line":75,"column":null}},"type":"if","locations":[{"start":{"line":73,"column":2},"end":{"line":75,"column":null}},{"start":{},"end":{}}],"line":73},"8":{"loc":{"start":{"line":73,"column":6},"end":{"line":73,"column":70}},"type":"binary-expr","locations":[{"start":{"line":73,"column":6},"end":{"line":73,"column":31}},{"start":{"line":73,"column":31},"end":{"line":73,"column":52}},{"start":{"line":73,"column":52},"end":{"line":73,"column":70}}],"line":73},"9":{"loc":{"start":{"line":81,"column":2},"end":{"line":83,"column":null}},"type":"if","locations":[{"start":{"line":81,"column":2},"end":{"line":83,"column":null}},{"start":{},"end":{}}],"line":81},"10":{"loc":{"start":{"line":81,"column":6},"end":{"line":81,"column":70}},"type":"binary-expr","locations":[{"start":{"line":81,"column":6},"end":{"line":81,"column":27}},{"start":{"line":81,"column":27},"end":{"line":81,"column":52}},{"start":{"line":81,"column":52},"end":{"line":81,"column":70}}],"line":81}},"s":{"0":1,"1":1,"2":7,"3":7,"4":4,"5":2,"6":2,"7":1,"8":1,"9":2,"10":1,"11":1,"12":3,"13":3,"14":2,"15":1,"16":0,"17":0,"18":0,"19":0,"20":4,"21":4,"22":3,"23":1},"f":{"0":7,"1":4,"2":2,"3":2,"4":2,"5":3,"6":0,"7":4},"b":{"0":[7],"1":[7,4],"2":[7,0],"3":[1,1],"4":[1,1],"5":[2,1],"6":[3,2],"7":[0,0],"8":[0,0,0],"9":[3,1],"10":[4,3,2]},"meta":{"lastBranch":11,"lastFunction":8,"lastStatement":24,"seen":{"s:14:20:14:Infinity":0,"s:15:27:15:Infinity":1,"f:27:16:27:41":0,"b:27:82:27:112":0,"s:28:8:28:Infinity":2,"s:30:2:38:Infinity":3,"b:34:15:34:42:34:42:34:Infinity":1,"b:35:19:35:50:35:50:35:Infinity":2,"f:41:22:41:35":1,"s:42:2:42:Infinity":4,"f:45:22:45:37":2,"s:46:2:46:Infinity":5,"f:49:16:49:32":3,"b:50:2:52:Infinity:undefined:undefined:undefined:undefined":3,"s:50:2:52:Infinity":6,"s:51:4:51:Infinity":7,"s:53:2:53:Infinity":8,"f:56:16:56:24":4,"b:57:2:59:Infinity:undefined:undefined:undefined:undefined":4,"s:57:2:59:Infinity":9,"s:58:4:58:Infinity":10,"s:60:2:60:Infinity":11,"f:63:16:63:25":5,"s:64:15:64:Infinity":12,"b:65:2:67:Infinity:undefined:undefined:undefined:undefined":5,"s:65:2:67:Infinity":13,"b:65:6:65:27:65:27:65:45":6,"s:66:4:66:Infinity":14,"s:68:2:68:Infinity":15,"f:71:16:71:29":6,"s:72:15:72:Infinity":16,"b:73:2:75:Infinity:undefined:undefined:undefined:undefined":7,"s:73:2:75:Infinity":17,"b:73:6:73:31:73:31:73:52:73:52:73:70":8,"s:74:4:74:Infinity":18,"s:76:2:76:Infinity":19,"f:79:16:79:37":7,"s:80:15:80:Infinity":20,"b:81:2:83:Infinity:undefined:undefined:undefined:undefined":9,"s:81:2:83:Infinity":21,"b:81:6:81:27:81:27:81:52:81:52:81:70":10,"s:82:4:82:Infinity":22,"s:84:2:84:Infinity":23}}}
,"/home/runner/workspace/server/db.ts": {"path":"/home/runner/workspace/server/db.ts","statementMap":{"0":{"start":{"line":5,"column":17},"end":{"line":5,"column":null}},"1":{"start":{"line":7,"column":0},"end":{"line":11,"column":null}},"2":{"start":{"line":8,"column":2},"end":{"line":10,"column":null}},"3":{"start":{"line":13,"column":20},"end":{"line":13,"column":null}},"4":{"start":{"line":14,"column":13},"end":{"line":14,"column":null}}},"fnMap":{},"branchMap":{"0":{"loc":{"start":{"line":7,"column":0},"end":{"line":11,"column":null}},"type":"if","locations":[{"start":{"line":7,"column":0},"end":{"line":11,"column":null}},{"start":{},"end":{}}],"line":7}},"s":{"0":0,"1":0,"2":0,"3":0,"4":0},"f":{},"b":{"0":[0,0]},"meta":{"lastBranch":1,"lastFunction":0,"lastStatement":5,"seen":{"s:5:17:5:Infinity":0,"b:7:0:11:Infinity:undefined:undefined:undefined:undefined":0,"s:7:0:11:Infinity":1,"s:8:2:10:Infinity":2,"s:13:20:13:Infinity":3,"s:14:13:14:Infinity":4}}}
,"/home/runner/workspace/server/index.ts": {"path":"/home/runner/workspace/server/index.ts","statementMap":{"0":{"start":{"line":14,"column":6},"end":{"line":28,"column":null}},"1":{"start":{"line":32,"column":6},"end":{"line":32,"column":null}},"2":{"start":{"line":33,"column":6},"end":{"line":33,"column":null}},"3":{"start":{"line":36,"column":0},"end":{"line":48,"column":null}},"4":{"start":{"line":51,"column":6},"end":{"line":57,"column":null}},"5":{"start":{"line":60,"column":6},"end":{"line":67,"column":null}},"6":{"start":{"line":70,"column":0},"end":{"line":70,"column":null}},"7":{"start":{"line":73,"column":0},"end":{"line":73,"column":null}},"8":{"start":{"line":74,"column":0},"end":{"line":74,"column":null}},"9":{"start":{"line":77,"column":0},"end":{"line":89,"column":null}},"10":{"start":{"line":80,"column":21},"end":{"line":80,"column":null}},"11":{"start":{"line":83,"column":4},"end":{"line":83,"column":null}},"12":{"start":{"line":86,"column":4},"end":{"line":86,"column":null}},"13":{"start":{"line":97,"column":0},"end":{"line":103,"column":null}},"14":{"start":{"line":100,"column":6},"end":{"line":100,"column":null}},"15":{"start":{"line":105,"column":0},"end":{"line":105,"column":null}},"16":{"start":{"line":107,"column":6},"end":{"line":107,"column":null}},"17":{"start":{"line":109,"column":22},"end":{"line":109,"column":null}},"18":{"start":{"line":110,"column":0},"end":{"line":112,"column":null}},"19":{"start":{"line":111,"column":2},"end":{"line":111,"column":null}},"20":{"start":{"line":114,"column":0},"end":{"line":130,"column":null}},"21":{"start":{"line":133,"column":2},"end":{"line":133,"column":null}},"22":{"start":{"line":136,"column":24},"end":{"line":145,"column":null}},"23":{"start":{"line":148,"column":2},"end":{"line":148,"column":null}},"24":{"start":{"line":148,"column":35},"end":{"line":148,"column":53}},"25":{"start":{"line":151,"column":33},"end":{"line":176,"column":null}},"26":{"start":{"line":179,"column":2},"end":{"line":179,"column":null}},"27":{"start":{"line":179,"column":50},"end":{"line":179,"column":73}},"28":{"start":{"line":183,"column":2},"end":{"line":183,"column":null}},"29":{"start":{"line":183,"column":18},"end":{"line":183,"column":null}},"30":{"start":{"line":184,"column":2},"end":{"line":184,"column":null}},"31":{"start":{"line":184,"column":43},"end":{"line":184,"column":null}},"32":{"start":{"line":185,"column":2},"end":{"line":185,"column":null}},"33":{"start":{"line":185,"column":32},"end":{"line":185,"column":null}},"34":{"start":{"line":187,"column":2},"end":{"line":189,"column":null}},"35":{"start":{"line":188,"column":4},"end":{"line":188,"column":null}},"36":{"start":{"line":188,"column":28},"end":{"line":188,"column":64}},"37":{"start":{"line":191,"column":40},"end":{"line":191,"column":null}},"38":{"start":{"line":193,"column":2},"end":{"line":201,"column":null}},"39":{"start":{"line":194,"column":4},"end":{"line":200,"column":null}},"40":{"start":{"line":195,"column":6},"end":{"line":195,"column":null}},"41":{"start":{"line":196,"column":4},"end":{"line":200,"column":null}},"42":{"start":{"line":197,"column":6},"end":{"line":197,"column":null}},"43":{"start":{"line":199,"column":6},"end":{"line":199,"column":null}},"44":{"start":{"line":203,"column":2},"end":{"line":203,"column":null}},"45":{"start":{"line":206,"column":0},"end":{"line":242,"column":null}},"46":{"start":{"line":207,"column":16},"end":{"line":207,"column":null}},"47":{"start":{"line":208,"column":15},"end":{"line":208,"column":null}},"48":{"start":{"line":209,"column":62},"end":{"line":209,"column":null}},"49":{"start":{"line":211,"column":26},"end":{"line":211,"column":null}},"50":{"start":{"line":212,"column":2},"end":{"line":215,"column":null}},"51":{"start":{"line":213,"column":4},"end":{"line":213,"column":null}},"52":{"start":{"line":214,"column":4},"end":{"line":214,"column":null}},"53":{"start":{"line":217,"column":2},"end":{"line":239,"column":null}},"54":{"start":{"line":218,"column":21},"end":{"line":218,"column":null}},"55":{"start":{"line":219,"column":4},"end":{"line":238,"column":null}},"56":{"start":{"line":220,"column":20},"end":{"line":220,"column":null}},"57":{"start":{"line":222,"column":6},"end":{"line":235,"column":null}},"58":{"start":{"line":223,"column":8},"end":{"line":234,"column":null}},"59":{"start":{"line":224,"column":10},"end":{"line":231,"column":null}},"60":{"start":{"line":225,"column":26},"end":{"line":227,"column":null}},"61":{"start":{"line":228,"column":12},"end":{"line":228,"column":null}},"62":{"start":{"line":230,"column":12},"end":{"line":230,"column":null}},"63":{"start":{"line":233,"column":10},"end":{"line":233,"column":null}},"64":{"start":{"line":237,"column":6},"end":{"line":237,"column":null}},"65":{"start":{"line":241,"column":2},"end":{"line":241,"column":null}},"66":{"start":{"line":242,"column":1},"end":{"line":280,"column":null}},"67":{"start":{"line":245,"column":2},"end":{"line":245,"column":null}},"68":{"start":{"line":247,"column":2},"end":{"line":253,"column":null}},"69":{"start":{"line":248,"column":19},"end":{"line":248,"column":null}},"70":{"start":{"line":249,"column":20},"end":{"line":249,"column":null}},"71":{"start":{"line":251,"column":4},"end":{"line":251,"column":null}},"72":{"start":{"line":252,"column":4},"end":{"line":252,"column":null}},"73":{"start":{"line":258,"column":2},"end":{"line":263,"column":null}},"74":{"start":{"line":259,"column":4},"end":{"line":259,"column":null}},"75":{"start":{"line":261,"column":26},"end":{"line":261,"column":null}},"76":{"start":{"line":262,"column":4},"end":{"line":262,"column":null}},"77":{"start":{"line":269,"column":15},"end":{"line":269,"column":null}},"78":{"start":{"line":270,"column":2},"end":{"line":279,"column":null}},"79":{"start":{"line":277,"column":6},"end":{"line":277,"column":null}}},"fnMap":{"0":{"name":"(anonymous_0)","decl":{"start":{"line":80,"column":12},"end":{"line":80,"column":13}},"loc":{"start":{"line":80,"column":21},"end":{"line":80,"column":null}},"line":80},"1":{"name":"(anonymous_1)","decl":{"start":{"line":82,"column":24},"end":{"line":82,"column":25}},"loc":{"start":{"line":82,"column":38},"end":{"line":84,"column":null}},"line":82},"2":{"name":"(anonymous_2)","decl":{"start":{"line":85,"column":22},"end":{"line":85,"column":23}},"loc":{"start":{"line":85,"column":36},"end":{"line":87,"column":null}},"line":85},"3":{"name":"(anonymous_3)","decl":{"start":{"line":99,"column":12},"end":{"line":99,"column":13}},"loc":{"start":{"line":99,"column":32},"end":{"line":101,"column":null}},"line":99},"4":{"name":"log","decl":{"start":{"line":132,"column":16},"end":{"line":132,"column":20}},"loc":{"start":{"line":132,"column":57},"end":{"line":134,"column":null}},"line":132},"5":{"name":"isSensitivePath","decl":{"start":{"line":147,"column":9},"end":{"line":147,"column":25}},"loc":{"start":{"line":147,"column":48},"end":{"line":149,"column":null}},"line":147},"6":{"name":"(anonymous_6)","decl":{"start":{"line":148,"column":30},"end":{"line":148,"column":35}},"loc":{"start":{"line":148,"column":35},"end":{"line":148,"column":53}},"line":148},"7":{"name":"isSensitiveField","decl":{"start":{"line":178,"column":9},"end":{"line":178,"column":26}},"loc":{"start":{"line":178,"column":54},"end":{"line":180,"column":null}},"line":178},"8":{"name":"(anonymous_8)","decl":{"start":{"line":179,"column":39},"end":{"line":179,"column":50}},"loc":{"start":{"line":179,"column":50},"end":{"line":179,"column":73}},"line":179},"9":{"name":"redactSensitiveData","decl":{"start":{"line":182,"column":9},"end":{"line":182,"column":29}},"loc":{"start":{"line":182,"column":64},"end":{"line":204,"column":null}},"line":182},"10":{"name":"(anonymous_10)","decl":{"start":{"line":188,"column":20},"end":{"line":188,"column":28}},"loc":{"start":{"line":188,"column":28},"end":{"line":188,"column":64}},"line":188},"11":{"name":"(anonymous_11)","decl":{"start":{"line":206,"column":8},"end":{"line":206,"column":9}},"loc":{"start":{"line":206,"column":28},"end":{"line":242,"column":1}},"line":206},"12":{"name":"(anonymous_12)","decl":{"start":{"line":212,"column":13},"end":{"line":212,"column":23}},"loc":{"start":{"line":212,"column":42},"end":{"line":215,"column":null}},"line":212},"13":{"name":"(anonymous_13)","decl":{"start":{"line":217,"column":19},"end":{"line":217,"column":25}},"loc":{"start":{"line":217,"column":25},"end":{"line":239,"column":3}},"line":217},"14":{"name":"(anonymous_14)","decl":{"start":{"line":244,"column":1},"end":{"line":244,"column":13}},"loc":{"start":{"line":244,"column":13},"end":{"line":280,"column":3}},"line":244},"15":{"name":"(anonymous_15)","decl":{"start":{"line":247,"column":10},"end":{"line":247,"column":11}},"loc":{"start":{"line":247,"column":75},"end":{"line":253,"column":3}},"line":247},"16":{"name":"(anonymous_16)","decl":{"start":{"line":276,"column":4},"end":{"line":276,"column":10}},"loc":{"start":{"line":276,"column":10},"end":{"line":278,"column":null}},"line":276}},"branchMap":{"0":{"loc":{"start":{"line":15,"column":9},"end":{"line":15,"column":null}},"type":"binary-expr","locations":[{"start":{"line":15,"column":9},"end":{"line":15,"column":35}},{"start":{"line":15,"column":35},"end":{"line":15,"column":null}}],"line":15},"1":{"loc":{"start":{"line":15,"column":35},"end":{"line":15,"column":null}},"type":"cond-expr","locations":[{"start":{"line":15,"column":75},"end":{"line":15,"column":84}},{"start":{"line":15,"column":84},"end":{"line":15,"column":null}}],"line":15},"2":{"loc":{"start":{"line":16,"column":13},"end":{"line":23,"column":null}},"type":"cond-expr","locations":[{"start":{"line":16,"column":53},"end":{"line":23,"column":6}},{"start":{"line":23,"column":6},"end":{"line":23,"column":null}}],"line":16},"3":{"loc":{"start":{"line":80,"column":21},"end":{"line":80,"column":null}},"type":"binary-expr","locations":[{"start":{"line":80,"column":21},"end":{"line":80,"column":55}},{"start":{"line":80,"column":55},"end":{"line":80,"column":null}}],"line":80},"4":{"loc":{"start":{"line":110,"column":0},"end":{"line":112,"column":null}},"type":"if","locations":[{"start":{"line":110,"column":0},"end":{"line":112,"column":null}},{"start":{},"end":{}}],"line":110},"5":{"loc":{"start":{"line":110,"column":4},"end":{"line":110,"column":61}},"type":"binary-expr","locations":[{"start":{"line":110,"column":4},"end":{"line":110,"column":22}},{"start":{"line":110,"column":22},"end":{"line":110,"column":61}}],"line":110},"6":{"loc":{"start":{"line":120,"column":12},"end":{"line":120,"column":null}},"type":"binary-expr","locations":[{"start":{"line":120,"column":12},"end":{"line":120,"column":29}},{"start":{"line":120,"column":29},"end":{"line":120,"column":null}}],"line":120},"7":{"loc":{"start":{"line":132,"column":37},"end":{"line":132,"column":57}},"type":"default-arg","locations":[{"start":{"line":132,"column":46},"end":{"line":132,"column":57}}],"line":132},"8":{"loc":{"start":{"line":182,"column":40},"end":{"line":182,"column":64}},"type":"default-arg","locations":[{"start":{"line":182,"column":56},"end":{"line":182,"column":64}}],"line":182},"9":{"loc":{"start":{"line":183,"column":2},"end":{"line":183,"column":null}},"type":"if","locations":[{"start":{"line":183,"column":2},"end":{"line":183,"column":null}},{"start":{},"end":{}}],"line":183},"10":{"loc":{"start":{"line":184,"column":2},"end":{"line":184,"column":null}},"type":"if","locations":[{"start":{"line":184,"column":2},"end":{"line":184,"column":null}},{"start":{},"end":{}}],"line":184},"11":{"loc":{"start":{"line":184,"column":6},"end":{"line":184,"column":43}},"type":"binary-expr","locations":[{"start":{"line":184,"column":6},"end":{"line":184,"column":23}},{"start":{"line":184,"column":23},"end":{"line":184,"column":43}}],"line":184},"12":{"loc":{"start":{"line":185,"column":2},"end":{"line":185,"column":null}},"type":"if","locations":[{"start":{"line":185,"column":2},"end":{"line":185,"column":null}},{"start":{},"end":{}}],"line":185},"13":{"loc":{"start":{"line":187,"column":2},"end":{"line":189,"column":null}},"type":"if","locations":[{"start":{"line":187,"column":2},"end":{"line":189,"column":null}},{"start":{},"end":{}}],"line":187},"14":{"loc":{"start":{"line":194,"column":4},"end":{"line":200,"column":null}},"type":"if","locations":[{"start":{"line":194,"column":4},"end":{"line":200,"column":null}},{"start":{"line":196,"column":4},"end":{"line":200,"column":null}}],"line":194},"15":{"loc":{"start":{"line":196,"column":4},"end":{"line":200,"column":null}},"type":"if","locations":[{"start":{"line":196,"column":4},"end":{"line":200,"column":null}},{"start":{"line":198,"column":11},"end":{"line":200,"column":null}}],"line":196},"16":{"loc":{"start":{"line":196,"column":15},"end":{"line":196,"column":68}},"type":"binary-expr","locations":[{"start":{"line":196,"column":15},"end":{"line":196,"column":48}},{"start":{"line":196,"column":48},"end":{"line":196,"column":68}}],"line":196},"17":{"loc":{"start":{"line":219,"column":4},"end":{"line":238,"column":null}},"type":"if","locations":[{"start":{"line":219,"column":4},"end":{"line":238,"column":null}},{"start":{},"end":{}}],"line":219},"18":{"loc":{"start":{"line":222,"column":6},"end":{"line":235,"column":null}},"type":"if","locations":[{"start":{"line":222,"column":6},"end":{"line":235,"column":null}},{"start":{},"end":{}}],"line":222},"19":{"loc":{"start":{"line":223,"column":8},"end":{"line":234,"column":null}},"type":"if","locations":[{"start":{"line":223,"column":8},"end":{"line":234,"column":null}},{"start":{"line":232,"column":15},"end":{"line":234,"column":null}}],"line":223},"20":{"loc":{"start":{"line":224,"column":10},"end":{"line":231,"column":null}},"type":"if","locations":[{"start":{"line":224,"column":10},"end":{"line":231,"column":null}},{"start":{"line":229,"column":17},"end":{"line":231,"column":null}}],"line":224},"21":{"loc":{"start":{"line":225,"column":26},"end":{"line":227,"column":null}},"type":"cond-expr","locations":[{"start":{"line":226,"column":16},"end":{"line":226,"column":null}},{"start":{"line":227,"column":16},"end":{"line":227,"column":null}}],"line":225},"22":{"loc":{"start":{"line":248,"column":19},"end":{"line":248,"column":null}},"type":"binary-expr","locations":[{"start":{"line":248,"column":19},"end":{"line":248,"column":33}},{"start":{"line":248,"column":33},"end":{"line":248,"column":51}},{"start":{"line":248,"column":51},"end":{"line":248,"column":null}}],"line":248},"23":{"loc":{"start":{"line":249,"column":20},"end":{"line":249,"column":null}},"type":"binary-expr","locations":[{"start":{"line":249,"column":20},"end":{"line":249,"column":35}},{"start":{"line":249,"column":35},"end":{"line":249,"column":null}}],"line":249},"24":{"loc":{"start":{"line":258,"column":2},"end":{"line":263,"column":null}},"type":"if","locations":[{"start":{"line":258,"column":2},"end":{"line":263,"column":null}},{"start":{"line":260,"column":9},"end":{"line":263,"column":null}}],"line":258},"25":{"loc":{"start":{"line":269,"column":24},"end":{"line":269,"column":52}},"type":"binary-expr","locations":[{"start":{"line":269,"column":24},"end":{"line":269,"column":44}},{"start":{"line":269,"column":44},"end":{"line":269,"column":52}}],"line":269}},"s":{"0":0,"1":0,"2":0,"3":0,"4":0,"5":0,"6":0,"7":0,"8":0,"9":0,"10":0,"11":0,"12":0,"13":0,"14":0,"15":0,"16":0,"17":0,"18":0,"19":0,"20":0,"21":0,"22":0,"23":0,"24":0,"25":0,"26":0,"27":0,"28":0,"29":0,"30":0,"31":0,"32":0,"33":0,"34":0,"35":0,"36":0,"37":0,"38":0,"39":0,"40":0,"41":0,"42":0,"43":0,"44":0,"45":0,"46":0,"47":0,"48":0,"49":0,"50":0,"51":0,"52":0,"53":0,"54":0,"55":0,"56":0,"57":0,"58":0,"59":0,"60":0,"61":0,"62":0,"63":0,"64":0,"65":0,"66":0,"67":0,"68":0,"69":0,"70":0,"71":0,"72":0,"73":0,"74":0,"75":0,"76":0,"77":0,"78":0,"79":0},"f":{"0":0,"1":0,"2":0,"3":0,"4":0,"5":0,"6":0,"7":0,"8":0,"9":0,"10":0,"11":0,"12":0,"13":0,"14":0,"15":0,"16":0},"b":{"0":[0,0],"1":[0,0],"2":[0,0],"3":[0,0],"4":[0,0],"5":[0,0],"6":[0,0],"7":[0],"8":[0],"9":[0,0],"10":[0,0],"11":[0,0],"12":[0,0],"13":[0,0],"14":[0,0],"15":[0,0],"16":[0,0],"17":[0,0],"18":[0,0],"19":[0,0],"20":[0,0],"21":[0,0],"22":[0,0,0],"23":[0,0],"24":[0,0],"25":[0,0]},"meta":{"lastBranch":26,"lastFunction":17,"lastStatement":80,"seen":{"s:14:6:28:Infinity":0,"b:15:9:15:35:15:35:15:Infinity":0,"b:15:75:15:84:15:84:15:Infinity":1,"b:16:53:23:6:23:6:23:Infinity":2,"s:32:6:32:Infinity":1,"s:33:6:33:Infinity":2,"s:36:0:48:Infinity":3,"s:51:6:57:Infinity":4,"s:60:6:67:Infinity":5,"s:70:0:70:Infinity":6,"s:73:0:73:Infinity":7,"s:74:0:74:Infinity":8,"s:77:0:89:Infinity":9,"f:80:12:80:13":0,"s:80:21:80:Infinity":10,"b:80:21:80:55:80:55:80:Infinity":3,"f:82:24:82:25":1,"s:83:4:83:Infinity":11,"f:85:22:85:23":2,"s:86:4:86:Infinity":12,"s:97:0:103:Infinity":13,"f:99:12:99:13":3,"s:100:6:100:Infinity":14,"s:105:0:105:Infinity":15,"s:107:6:107:Infinity":16,"s:109:22:109:Infinity":17,"b:110:0:112:Infinity:undefined:undefined:undefined:undefined":4,"s:110:0:112:Infinity":18,"b:110:4:110:22:110:22:110:61":5,"s:111:2:111:Infinity":19,"s:114:0:130:Infinity":20,"b:120:12:120:29:120:29:120:Infinity":6,"f:132:16:132:20":4,"b:132:46:132:57":7,"s:133:2:133:Infinity":21,"s:136:24:145:Infinity":22,"f:147:9:147:25":5,"s:148:2:148:Infinity":23,"f:148:30:148:35":6,"s:148:35:148:53":24,"s:151:33:176:Infinity":25,"f:178:9:178:26":7,"s:179:2:179:Infinity":26,"f:179:39:179:50":8,"s:179:50:179:73":27,"f:182:9:182:29":9,"b:182:56:182:64":8,"b:183:2:183:Infinity:undefined:undefined:undefined:undefined":9,"s:183:2:183:Infinity":28,"s:183:18:183:Infinity":29,"b:184:2:184:Infinity:undefined:undefined:undefined:undefined":10,"s:184:2:184:Infinity":30,"b:184:6:184:23:184:23:184:43":11,"s:184:43:184:Infinity":31,"b:185:2:185:Infinity:undefined:undefined:undefined:undefined":12,"s:185:2:185:Infinity":32,"s:185:32:185:Infinity":33,"b:187:2:189:Infinity:undefined:undefined:undefined:undefined":13,"s:187:2:189:Infinity":34,"s:188:4:188:Infinity":35,"f:188:20:188:28":10,"s:188:28:188:64":36,"s:191:40:191:Infinity":37,"s:193:2:201:Infinity":38,"b:194:4:200:Infinity:196:4:200:Infinity":14,"s:194:4:200:Infinity":39,"s:195:6:195:Infinity":40,"b:196:4:200:Infinity:198:11:200:Infinity":15,"s:196:4:200:Infinity":41,"b:196:15:196:48:196:48:196:68":16,"s:197:6:197:Infinity":42,"s:199:6:199:Infinity":43,"s:203:2:203:Infinity":44,"s:206:0:242:Infinity":45,"f:206:8:206:9":11,"s:207:16:207:Infinity":46,"s:208:15:208:Infinity":47,"s:209:62:209:Infinity":48,"s:211:26:211:Infinity":49,"s:212:2:215:Infinity":50,"f:212:13:212:23":12,"s:213:4:213:Infinity":51,"s:214:4:214:Infinity":52,"s:217:2:239:Infinity":53,"f:217:19:217:25":13,"s:218:21:218:Infinity":54,"b:219:4:238:Infinity:undefined:undefined:undefined:undefined":17,"s:219:4:238:Infinity":55,"s:220:20:220:Infinity":56,"b:222:6:235:Infinity:undefined:undefined:undefined:undefined":18,"s:222:6:235:Infinity":57,"b:223:8:234:Infinity:232:15:234:Infinity":19,"s:223:8:234:Infinity":58,"b:224:10:231:Infinity:229:17:231:Infinity":20,"s:224:10:231:Infinity":59,"s:225:26:227:Infinity":60,"b:226:16:226:Infinity:227:16:227:Infinity":21,"s:228:12:228:Infinity":61,"s:230:12:230:Infinity":62,"s:233:10:233:Infinity":63,"s:237:6:237:Infinity":64,"s:241:2:241:Infinity":65,"s:242:1:280:Infinity":66,"f:244:1:244:13":14,"s:245:2:245:Infinity":67,"s:247:2:253:Infinity":68,"f:247:10:247:11":15,"s:248:19:248:Infinity":69,"b:248:19:248:33:248:33:248:51:248:51:248:Infinity":22,"s:249:20:249:Infinity":70,"b:249:20:249:35:249:35:249:Infinity":23,"s:251:4:251:Infinity":71,"s:252:4:252:Infinity":72,"b:258:2:263:Infinity:260:9:263:Infinity":24,"s:258:2:263:Infinity":73,"s:259:4:259:Infinity":74,"s:261:26:261:Infinity":75,"s:262:4:262:Infinity":76,"s:269:15:269:Infinity":77,"b:269:24:269:44:269:44:269:52":25,"s:270:2:279:Infinity":78,"f:276:4:276:10":16,"s:277:6:277:Infinity":79}}}
,"/home/runner/workspace/server/routes.ts": {"path":"/home/runner/workspace/server/routes.ts","statementMap":{"0":{"start":{"line":23,"column":2},"end":{"line":88,"column":null}},"1":{"start":{"line":24,"column":4},"end":{"line":87,"column":null}},"2":{"start":{"line":25,"column":37},"end":{"line":25,"column":null}},"3":{"start":{"line":27,"column":6},"end":{"line":29,"column":null}},"4":{"start":{"line":28,"column":8},"end":{"line":28,"column":null}},"5":{"start":{"line":31,"column":19},"end":{"line":31,"column":null}},"6":{"start":{"line":32,"column":6},"end":{"line":44,"column":null}},"7":{"start":{"line":33,"column":8},"end":{"line":42,"column":null}},"8":{"start":{"line":43,"column":8},"end":{"line":43,"column":null}},"9":{"start":{"line":46,"column":30},"end":{"line":46,"column":null}},"10":{"start":{"line":47,"column":6},"end":{"line":59,"column":null}},"11":{"start":{"line":48,"column":8},"end":{"line":57,"column":null}},"12":{"start":{"line":58,"column":8},"end":{"line":58,"column":null}},"13":{"start":{"line":61,"column":6},"end":{"line":61,"column":null}},"14":{"start":{"line":62,"column":6},"end":{"line":62,"column":null}},"15":{"start":{"line":63,"column":6},"end":{"line":63,"column":null}},"16":{"start":{"line":65,"column":6},"end":{"line":74,"column":null}},"17":{"start":{"line":76,"column":6},"end":{"line":83,"column":null}},"18":{"start":{"line":85,"column":6},"end":{"line":85,"column":null}},"19":{"start":{"line":86,"column":6},"end":{"line":86,"column":null}},"20":{"start":{"line":90,"column":2},"end":{"line":110,"column":null}},"21":{"start":{"line":91,"column":19},"end":{"line":91,"column":null}},"22":{"start":{"line":92,"column":4},"end":{"line":109,"column":null}},"23":{"start":{"line":93,"column":6},"end":{"line":95,"column":null}},"24":{"start":{"line":94,"column":8},"end":{"line":94,"column":null}},"25":{"start":{"line":96,"column":6},"end":{"line":107,"column":null}},"26":{"start":{"line":97,"column":8},"end":{"line":106,"column":null}},"27":{"start":{"line":108,"column":6},"end":{"line":108,"column":null}},"28":{"start":{"line":112,"column":2},"end":{"line":122,"column":null}},"29":{"start":{"line":113,"column":4},"end":{"line":121,"column":null}},"30":{"start":{"line":114,"column":6},"end":{"line":118,"column":null}},"31":{"start":{"line":120,"column":6},"end":{"line":120,"column":null}},"32":{"start":{"line":124,"column":2},"end":{"line":179,"column":null}},"33":{"start":{"line":125,"column":4},"end":{"line":178,"column":null}},"34":{"start":{"line":126,"column":73},"end":{"line":126,"column":null}},"35":{"start":{"line":128,"column":6},"end":{"line":130,"column":null}},"36":{"start":{"line":129,"column":8},"end":{"line":129,"column":null}},"37":{"start":{"line":133,"column":12},"end":{"line":133,"column":null}},"38":{"start":{"line":134,"column":6},"end":{"line":141,"column":null}},"39":{"start":{"line":135,"column":8},"end":{"line":140,"column":null}},"40":{"start":{"line":143,"column":27},"end":{"line":143,"column":null}},"41":{"start":{"line":144,"column":6},"end":{"line":146,"column":null}},"42":{"start":{"line":145,"column":8},"end":{"line":145,"column":null}},"43":{"start":{"line":148,"column":29},"end":{"line":148,"column":null}},"44":{"start":{"line":149,"column":19},"end":{"line":156,"column":null}},"45":{"start":{"line":158,"column":6},"end":{"line":167,"column":null}},"46":{"start":{"line":169,"column":6},"end":{"line":174,"column":null}},"47":{"start":{"line":176,"column":6},"end":{"line":176,"column":null}},"48":{"start":{"line":177,"column":6},"end":{"line":177,"column":null}},"49":{"start":{"line":182,"column":2},"end":{"line":189,"column":null}},"50":{"start":{"line":183,"column":4},"end":{"line":188,"column":null}},"51":{"start":{"line":184,"column":23},"end":{"line":184,"column":null}},"52":{"start":{"line":185,"column":6},"end":{"line":185,"column":null}},"53":{"start":{"line":187,"column":6},"end":{"line":187,"column":null}},"54":{"start":{"line":191,"column":2},"end":{"line":199,"column":null}},"55":{"start":{"line":192,"column":4},"end":{"line":198,"column":null}},"56":{"start":{"line":193,"column":20},"end":{"line":193,"column":null}},"57":{"start":{"line":194,"column":23},"end":{"line":194,"column":null}},"58":{"start":{"line":195,"column":6},"end":{"line":195,"column":null}},"59":{"start":{"line":197,"column":6},"end":{"line":197,"column":null}},"60":{"start":{"line":201,"column":2},"end":{"line":211,"column":null}},"61":{"start":{"line":202,"column":4},"end":{"line":210,"column":null}},"62":{"start":{"line":203,"column":22},"end":{"line":203,"column":null}},"63":{"start":{"line":204,"column":6},"end":{"line":206,"column":null}},"64":{"start":{"line":205,"column":8},"end":{"line":205,"column":null}},"65":{"start":{"line":207,"column":6},"end":{"line":207,"column":null}},"66":{"start":{"line":209,"column":6},"end":{"line":209,"column":null}},"67":{"start":{"line":213,"column":2},"end":{"line":267,"column":null}},"68":{"start":{"line":214,"column":4},"end":{"line":266,"column":null}},"69":{"start":{"line":216,"column":26},"end":{"line":216,"column":null}},"70":{"start":{"line":217,"column":6},"end":{"line":221,"column":null}},"71":{"start":{"line":218,"column":26},"end":{"line":218,"column":null}},"72":{"start":{"line":219,"column":23},"end":{"line":219,"column":null}},"73":{"start":{"line":220,"column":8},"end":{"line":220,"column":null}},"74":{"start":{"line":223,"column":21},"end":{"line":223,"column":null}},"75":{"start":{"line":224,"column":6},"end":{"line":226,"column":null}},"76":{"start":{"line":225,"column":8},"end":{"line":225,"column":null}},"77":{"start":{"line":227,"column":22},"end":{"line":227,"column":null}},"78":{"start":{"line":230,"column":6},"end":{"line":239,"column":null}},"79":{"start":{"line":242,"column":6},"end":{"line":251,"column":null}},"80":{"start":{"line":243,"column":8},"end":{"line":250,"column":null}},"81":{"start":{"line":252,"column":6},"end":{"line":261,"column":null}},"82":{"start":{"line":253,"column":8},"end":{"line":260,"column":null}},"83":{"start":{"line":263,"column":6},"end":{"line":263,"column":null}},"84":{"start":{"line":265,"column":6},"end":{"line":265,"column":null}},"85":{"start":{"line":269,"column":2},"end":{"line":291,"column":null}},"86":{"start":{"line":270,"column":4},"end":{"line":290,"column":null}},"87":{"start":{"line":271,"column":22},"end":{"line":271,"column":null}},"88":{"start":{"line":272,"column":6},"end":{"line":274,"column":null}},"89":{"start":{"line":273,"column":8},"end":{"line":273,"column":null}},"90":{"start":{"line":276,"column":6},"end":{"line":285,"column":null}},"91":{"start":{"line":287,"column":6},"end":{"line":287,"column":null}},"92":{"start":{"line":289,"column":6},"end":{"line":289,"column":null}},"93":{"start":{"line":293,"column":2},"end":{"line":315,"column":null}},"94":{"start":{"line":294,"column":4},"end":{"line":314,"column":null}},"95":{"start":{"line":295,"column":22},"end":{"line":295,"column":null}},"96":{"start":{"line":296,"column":6},"end":{"line":298,"column":null}},"97":{"start":{"line":297,"column":8},"end":{"line":297,"column":null}},"98":{"start":{"line":300,"column":6},"end":{"line":309,"column":null}},"99":{"start":{"line":311,"column":6},"end":{"line":311,"column":null}},"100":{"start":{"line":313,"column":6},"end":{"line":313,"column":null}},"101":{"start":{"line":318,"column":2},"end":{"line":325,"column":null}},"102":{"start":{"line":319,"column":4},"end":{"line":324,"column":null}},"103":{"start":{"line":320,"column":20},"end":{"line":320,"column":null}},"104":{"start":{"line":321,"column":6},"end":{"line":321,"column":null}},"105":{"start":{"line":323,"column":6},"end":{"line":323,"column":null}},"106":{"start":{"line":327,"column":2},"end":{"line":337,"column":null}},"107":{"start":{"line":328,"column":4},"end":{"line":336,"column":null}},"108":{"start":{"line":329,"column":19},"end":{"line":329,"column":null}},"109":{"start":{"line":330,"column":6},"end":{"line":332,"column":null}},"110":{"start":{"line":331,"column":8},"end":{"line":331,"column":null}},"111":{"start":{"line":333,"column":6},"end":{"line":333,"column":null}},"112":{"start":{"line":335,"column":6},"end":{"line":335,"column":null}},"113":{"start":{"line":339,"column":2},"end":{"line":363,"column":null}},"114":{"start":{"line":340,"column":4},"end":{"line":362,"column":null}},"115":{"start":{"line":341,"column":21},"end":{"line":341,"column":null}},"116":{"start":{"line":342,"column":6},"end":{"line":344,"column":null}},"117":{"start":{"line":343,"column":8},"end":{"line":343,"column":null}},"118":{"start":{"line":345,"column":19},"end":{"line":345,"column":null}},"119":{"start":{"line":348,"column":6},"end":{"line":357,"column":null}},"120":{"start":{"line":359,"column":6},"end":{"line":359,"column":null}},"121":{"start":{"line":361,"column":6},"end":{"line":361,"column":null}},"122":{"start":{"line":365,"column":2},"end":{"line":398,"column":null}},"123":{"start":{"line":366,"column":4},"end":{"line":397,"column":null}},"124":{"start":{"line":367,"column":27},"end":{"line":367,"column":null}},"125":{"start":{"line":368,"column":6},"end":{"line":370,"column":null}},"126":{"start":{"line":369,"column":8},"end":{"line":369,"column":null}},"127":{"start":{"line":372,"column":6},"end":{"line":376,"column":null}},"128":{"start":{"line":373,"column":8},"end":{"line":375,"column":null}},"129":{"start":{"line":378,"column":19},"end":{"line":378,"column":null}},"130":{"start":{"line":379,"column":6},"end":{"line":381,"column":null}},"131":{"start":{"line":380,"column":8},"end":{"line":380,"column":null}},"132":{"start":{"line":383,"column":6},"end":{"line":392,"column":null}},"133":{"start":{"line":394,"column":6},"end":{"line":394,"column":null}},"134":{"start":{"line":396,"column":6},"end":{"line":396,"column":null}},"135":{"start":{"line":401,"column":2},"end":{"line":408,"column":null}},"136":{"start":{"line":402,"column":4},"end":{"line":407,"column":null}},"137":{"start":{"line":403,"column":25},"end":{"line":403,"column":null}},"138":{"start":{"line":404,"column":6},"end":{"line":404,"column":null}},"139":{"start":{"line":406,"column":6},"end":{"line":406,"column":null}},"140":{"start":{"line":410,"column":2},"end":{"line":417,"column":null}},"141":{"start":{"line":411,"column":4},"end":{"line":416,"column":null}},"142":{"start":{"line":412,"column":25},"end":{"line":412,"column":null}},"143":{"start":{"line":413,"column":6},"end":{"line":413,"column":null}},"144":{"start":{"line":415,"column":6},"end":{"line":415,"column":null}},"145":{"start":{"line":419,"column":2},"end":{"line":426,"column":null}},"146":{"start":{"line":420,"column":4},"end":{"line":425,"column":null}},"147":{"start":{"line":421,"column":21},"end":{"line":421,"column":null}},"148":{"start":{"line":422,"column":6},"end":{"line":422,"column":null}},"149":{"start":{"line":424,"column":6},"end":{"line":424,"column":null}},"150":{"start":{"line":428,"column":2},"end":{"line":451,"column":null}},"151":{"start":{"line":429,"column":4},"end":{"line":450,"column":null}},"152":{"start":{"line":430,"column":21},"end":{"line":430,"column":null}},"153":{"start":{"line":431,"column":6},"end":{"line":433,"column":null}},"154":{"start":{"line":432,"column":8},"end":{"line":432,"column":null}},"155":{"start":{"line":434,"column":21},"end":{"line":434,"column":null}},"156":{"start":{"line":436,"column":6},"end":{"line":445,"column":null}},"157":{"start":{"line":447,"column":6},"end":{"line":447,"column":null}},"158":{"start":{"line":449,"column":6},"end":{"line":449,"column":null}},"159":{"start":{"line":454,"column":2},"end":{"line":461,"column":null}},"160":{"start":{"line":455,"column":4},"end":{"line":460,"column":null}},"161":{"start":{"line":456,"column":31},"end":{"line":456,"column":null}},"162":{"start":{"line":457,"column":6},"end":{"line":457,"column":null}},"163":{"start":{"line":459,"column":6},"end":{"line":459,"column":null}},"164":{"start":{"line":463,"column":2},"end":{"line":470,"column":null}},"165":{"start":{"line":464,"column":4},"end":{"line":469,"column":null}},"166":{"start":{"line":465,"column":28},"end":{"line":465,"column":null}},"167":{"start":{"line":466,"column":6},"end":{"line":466,"column":null}},"168":{"start":{"line":468,"column":6},"end":{"line":468,"column":null}},"169":{"start":{"line":472,"column":2},"end":{"line":495,"column":null}},"170":{"start":{"line":473,"column":4},"end":{"line":494,"column":null}},"171":{"start":{"line":474,"column":21},"end":{"line":474,"column":null}},"172":{"start":{"line":475,"column":6},"end":{"line":477,"column":null}},"173":{"start":{"line":476,"column":8},"end":{"line":476,"column":null}},"174":{"start":{"line":478,"column":27},"end":{"line":478,"column":null}},"175":{"start":{"line":480,"column":6},"end":{"line":489,"column":null}},"176":{"start":{"line":491,"column":6},"end":{"line":491,"column":null}},"177":{"start":{"line":493,"column":6},"end":{"line":493,"column":null}},"178":{"start":{"line":497,"column":2},"end":{"line":519,"column":null}},"179":{"start":{"line":498,"column":4},"end":{"line":518,"column":null}},"180":{"start":{"line":499,"column":27},"end":{"line":499,"column":null}},"181":{"start":{"line":500,"column":6},"end":{"line":502,"column":null}},"182":{"start":{"line":501,"column":8},"end":{"line":501,"column":null}},"183":{"start":{"line":504,"column":6},"end":{"line":513,"column":null}},"184":{"start":{"line":515,"column":6},"end":{"line":515,"column":null}},"185":{"start":{"line":517,"column":6},"end":{"line":517,"column":null}},"186":{"start":{"line":522,"column":2},"end":{"line":535,"column":null}},"187":{"start":{"line":523,"column":4},"end":{"line":534,"column":null}},"188":{"start":{"line":524,"column":20},"end":{"line":524,"column":null}},"189":{"start":{"line":525,"column":6},"end":{"line":531,"column":null}},"190":{"start":{"line":526,"column":29},"end":{"line":526,"column":null}},"191":{"start":{"line":527,"column":8},"end":{"line":527,"column":null}},"192":{"start":{"line":529,"column":29},"end":{"line":529,"column":null}},"193":{"start":{"line":530,"column":8},"end":{"line":530,"column":null}},"194":{"start":{"line":533,"column":6},"end":{"line":533,"column":null}},"195":{"start":{"line":537,"column":2},"end":{"line":544,"column":null}},"196":{"start":{"line":538,"column":4},"end":{"line":543,"column":null}},"197":{"start":{"line":539,"column":27},"end":{"line":539,"column":null}},"198":{"start":{"line":540,"column":6},"end":{"line":540,"column":null}},"199":{"start":{"line":542,"column":6},"end":{"line":542,"column":null}},"200":{"start":{"line":546,"column":2},"end":{"line":569,"column":null}},"201":{"start":{"line":547,"column":4},"end":{"line":568,"column":null}},"202":{"start":{"line":548,"column":21},"end":{"line":548,"column":null}},"203":{"start":{"line":549,"column":6},"end":{"line":551,"column":null}},"204":{"start":{"line":550,"column":8},"end":{"line":550,"column":null}},"205":{"start":{"line":552,"column":26},"end":{"line":552,"column":null}},"206":{"start":{"line":554,"column":6},"end":{"line":563,"column":null}},"207":{"start":{"line":565,"column":6},"end":{"line":565,"column":null}},"208":{"start":{"line":567,"column":6},"end":{"line":567,"column":null}},"209":{"start":{"line":571,"column":2},"end":{"line":593,"column":null}},"210":{"start":{"line":572,"column":4},"end":{"line":592,"column":null}},"211":{"start":{"line":573,"column":26},"end":{"line":573,"column":null}},"212":{"start":{"line":574,"column":6},"end":{"line":576,"column":null}},"213":{"start":{"line":575,"column":8},"end":{"line":575,"column":null}},"214":{"start":{"line":578,"column":6},"end":{"line":587,"column":null}},"215":{"start":{"line":589,"column":6},"end":{"line":589,"column":null}},"216":{"start":{"line":591,"column":6},"end":{"line":591,"column":null}},"217":{"start":{"line":596,"column":2},"end":{"line":603,"column":null}},"218":{"start":{"line":597,"column":4},"end":{"line":602,"column":null}},"219":{"start":{"line":598,"column":20},"end":{"line":598,"column":null}},"220":{"start":{"line":599,"column":6},"end":{"line":599,"column":null}},"221":{"start":{"line":601,"column":6},"end":{"line":601,"column":null}},"222":{"start":{"line":608,"column":2},"end":{"line":616,"column":null}},"223":{"start":{"line":609,"column":4},"end":{"line":615,"column":null}},"224":{"start":{"line":610,"column":20},"end":{"line":610,"column":null}},"225":{"start":{"line":611,"column":19},"end":{"line":611,"column":null}},"226":{"start":{"line":612,"column":6},"end":{"line":612,"column":null}},"227":{"start":{"line":614,"column":6},"end":{"line":614,"column":null}},"228":{"start":{"line":618,"column":2},"end":{"line":625,"column":null}},"229":{"start":{"line":619,"column":4},"end":{"line":624,"column":null}},"230":{"start":{"line":620,"column":19},"end":{"line":620,"column":null}},"231":{"start":{"line":621,"column":6},"end":{"line":621,"column":null}},"232":{"start":{"line":623,"column":6},"end":{"line":623,"column":null}},"233":{"start":{"line":627,"column":2},"end":{"line":643,"column":null}},"234":{"start":{"line":628,"column":4},"end":{"line":642,"column":null}},"235":{"start":{"line":629,"column":22},"end":{"line":633,"column":null}},"236":{"start":{"line":634,"column":21},"end":{"line":634,"column":null}},"237":{"start":{"line":635,"column":6},"end":{"line":637,"column":null}},"238":{"start":{"line":636,"column":8},"end":{"line":636,"column":null}},"239":{"start":{"line":638,"column":18},"end":{"line":638,"column":null}},"240":{"start":{"line":639,"column":6},"end":{"line":639,"column":null}},"241":{"start":{"line":641,"column":6},"end":{"line":641,"column":null}},"242":{"start":{"line":646,"column":2},"end":{"line":654,"column":null}},"243":{"start":{"line":647,"column":4},"end":{"line":653,"column":null}},"244":{"start":{"line":648,"column":21},"end":{"line":648,"column":null}},"245":{"start":{"line":649,"column":20},"end":{"line":649,"column":null}},"246":{"start":{"line":650,"column":6},"end":{"line":650,"column":null}},"247":{"start":{"line":652,"column":6},"end":{"line":652,"column":null}},"248":{"start":{"line":656,"column":2},"end":{"line":666,"column":null}},"249":{"start":{"line":657,"column":4},"end":{"line":665,"column":null}},"250":{"start":{"line":658,"column":19},"end":{"line":658,"column":null}},"251":{"start":{"line":659,"column":6},"end":{"line":661,"column":null}},"252":{"start":{"line":660,"column":8},"end":{"line":660,"column":null}},"253":{"start":{"line":662,"column":6},"end":{"line":662,"column":null}},"254":{"start":{"line":664,"column":6},"end":{"line":664,"column":null}},"255":{"start":{"line":668,"column":2},"end":{"line":679,"column":null}},"256":{"start":{"line":669,"column":4},"end":{"line":678,"column":null}},"257":{"start":{"line":670,"column":21},"end":{"line":670,"column":null}},"258":{"start":{"line":671,"column":6},"end":{"line":673,"column":null}},"259":{"start":{"line":672,"column":8},"end":{"line":672,"column":null}},"260":{"start":{"line":674,"column":19},"end":{"line":674,"column":null}},"261":{"start":{"line":675,"column":6},"end":{"line":675,"column":null}},"262":{"start":{"line":677,"column":6},"end":{"line":677,"column":null}},"263":{"start":{"line":682,"column":2},"end":{"line":689,"column":null}},"264":{"start":{"line":683,"column":4},"end":{"line":688,"column":null}},"265":{"start":{"line":684,"column":23},"end":{"line":684,"column":null}},"266":{"start":{"line":685,"column":6},"end":{"line":685,"column":null}},"267":{"start":{"line":687,"column":6},"end":{"line":687,"column":null}},"268":{"start":{"line":691,"column":2},"end":{"line":707,"column":null}},"269":{"start":{"line":692,"column":4},"end":{"line":706,"column":null}},"270":{"start":{"line":693,"column":26},"end":{"line":697,"column":null}},"271":{"start":{"line":698,"column":21},"end":{"line":698,"column":null}},"272":{"start":{"line":699,"column":6},"end":{"line":701,"column":null}},"273":{"start":{"line":700,"column":8},"end":{"line":700,"column":null}},"274":{"start":{"line":702,"column":22},"end":{"line":702,"column":null}},"275":{"start":{"line":703,"column":6},"end":{"line":703,"column":null}},"276":{"start":{"line":705,"column":6},"end":{"line":705,"column":null}},"277":{"start":{"line":710,"column":2},"end":{"line":717,"column":null}},"278":{"start":{"line":711,"column":4},"end":{"line":716,"column":null}},"279":{"start":{"line":712,"column":21},"end":{"line":712,"column":null}},"280":{"start":{"line":713,"column":6},"end":{"line":713,"column":null}},"281":{"start":{"line":715,"column":6},"end":{"line":715,"column":null}},"282":{"start":{"line":719,"column":2},"end":{"line":726,"column":null}},"283":{"start":{"line":720,"column":4},"end":{"line":725,"column":null}},"284":{"start":{"line":721,"column":21},"end":{"line":721,"column":null}},"285":{"start":{"line":722,"column":6},"end":{"line":722,"column":null}},"286":{"start":{"line":724,"column":6},"end":{"line":724,"column":null}},"287":{"start":{"line":728,"column":2},"end":{"line":738,"column":null}},"288":{"start":{"line":729,"column":4},"end":{"line":737,"column":null}},"289":{"start":{"line":730,"column":20},"end":{"line":730,"column":null}},"290":{"start":{"line":731,"column":6},"end":{"line":733,"column":null}},"291":{"start":{"line":732,"column":8},"end":{"line":732,"column":null}},"292":{"start":{"line":734,"column":6},"end":{"line":734,"column":null}},"293":{"start":{"line":736,"column":6},"end":{"line":736,"column":null}},"294":{"start":{"line":740,"column":2},"end":{"line":759,"column":null}},"295":{"start":{"line":741,"column":4},"end":{"line":758,"column":null}},"296":{"start":{"line":742,"column":20},"end":{"line":742,"column":null}},"297":{"start":{"line":744,"column":6},"end":{"line":753,"column":null}},"298":{"start":{"line":755,"column":6},"end":{"line":755,"column":null}},"299":{"start":{"line":757,"column":6},"end":{"line":757,"column":null}},"300":{"start":{"line":761,"column":2},"end":{"line":771,"column":null}},"301":{"start":{"line":762,"column":4},"end":{"line":770,"column":null}},"302":{"start":{"line":763,"column":20},"end":{"line":763,"column":null}},"303":{"start":{"line":764,"column":6},"end":{"line":766,"column":null}},"304":{"start":{"line":765,"column":8},"end":{"line":765,"column":null}},"305":{"start":{"line":767,"column":6},"end":{"line":767,"column":null}},"306":{"start":{"line":769,"column":6},"end":{"line":769,"column":null}},"307":{"start":{"line":774,"column":2},"end":{"line":823,"column":null}},"308":{"start":{"line":775,"column":4},"end":{"line":822,"column":null}},"309":{"start":{"line":776,"column":21},"end":{"line":776,"column":null}},"310":{"start":{"line":777,"column":6},"end":{"line":779,"column":null}},"311":{"start":{"line":778,"column":8},"end":{"line":778,"column":null}},"312":{"start":{"line":781,"column":19},"end":{"line":781,"column":null}},"313":{"start":{"line":782,"column":6},"end":{"line":784,"column":null}},"314":{"start":{"line":783,"column":8},"end":{"line":783,"column":null}},"315":{"start":{"line":786,"column":6},"end":{"line":788,"column":null}},"316":{"start":{"line":787,"column":8},"end":{"line":787,"column":null}},"317":{"start":{"line":790,"column":28},"end":{"line":802,"column":null}},"318":{"start":{"line":804,"column":12},"end":{"line":804,"column":null}},"319":{"start":{"line":806,"column":25},"end":{"line":806,"column":null}},"320":{"start":{"line":808,"column":6},"end":{"line":817,"column":null}},"321":{"start":{"line":819,"column":6},"end":{"line":819,"column":null}},"322":{"start":{"line":821,"column":6},"end":{"line":821,"column":null}},"323":{"start":{"line":825,"column":2},"end":{"line":825,"column":null}}},"fnMap":{"0":{"name":"registerRoutes","decl":{"start":{"line":17,"column":22},"end":{"line":17,"column":null}},"loc":{"start":{"line":20,"column":19},"end":{"line":826,"column":null}},"line":20},"1":{"name":"(anonymous_1)","decl":{"start":{"line":23,"column":25},"end":{"line":23,"column":32}},"loc":{"start":{"line":23,"column":45},"end":{"line":88,"column":3}},"line":23},"2":{"name":"(anonymous_2)","decl":{"start":{"line":90,"column":26},"end":{"line":90,"column":27}},"loc":{"start":{"line":90,"column":40},"end":{"line":110,"column":3}},"line":90},"3":{"name":"(anonymous_3)","decl":{"start":{"line":92,"column":24},"end":{"line":92,"column":25}},"loc":{"start":{"line":92,"column":33},"end":{"line":109,"column":5}},"line":92},"4":{"name":"(anonymous_4)","decl":{"start":{"line":112,"column":26},"end":{"line":112,"column":27}},"loc":{"start":{"line":112,"column":40},"end":{"line":122,"column":3}},"line":112},"5":{"name":"(anonymous_5)","decl":{"start":{"line":124,"column":54},"end":{"line":124,"column":61}},"loc":{"start":{"line":124,"column":74},"end":{"line":179,"column":3}},"line":124},"6":{"name":"(anonymous_6)","decl":{"start":{"line":182,"column":66},"end":{"line":182,"column":73}},"loc":{"start":{"line":182,"column":86},"end":{"line":189,"column":3}},"line":182},"7":{"name":"(anonymous_7)","decl":{"start":{"line":191,"column":73},"end":{"line":191,"column":80}},"loc":{"start":{"line":191,"column":93},"end":{"line":199,"column":3}},"line":191},"8":{"name":"(anonymous_8)","decl":{"start":{"line":201,"column":70},"end":{"line":201,"column":77}},"loc":{"start":{"line":201,"column":90},"end":{"line":211,"column":3}},"line":201},"9":{"name":"(anonymous_9)","decl":{"start":{"line":213,"column":67},"end":{"line":213,"column":74}},"loc":{"start":{"line":213,"column":87},"end":{"line":267,"column":3}},"line":213},"10":{"name":"(anonymous_10)","decl":{"start":{"line":269,"column":72},"end":{"line":269,"column":79}},"loc":{"start":{"line":269,"column":92},"end":{"line":291,"column":3}},"line":269},"11":{"name":"(anonymous_11)","decl":{"start":{"line":293,"column":73},"end":{"line":293,"column":80}},"loc":{"start":{"line":293,"column":93},"end":{"line":315,"column":3}},"line":293},"12":{"name":"(anonymous_12)","decl":{"start":{"line":318,"column":83},"end":{"line":318,"column":90}},"loc":{"start":{"line":318,"column":103},"end":{"line":325,"column":3}},"line":318},"13":{"name":"(anonymous_13)","decl":{"start":{"line":327,"column":67},"end":{"line":327,"column":74}},"loc":{"start":{"line":327,"column":87},"end":{"line":337,"column":3}},"line":327},"14":{"name":"(anonymous_14)","decl":{"start":{"line":339,"column":52},"end":{"line":339,"column":59}},"loc":{"start":{"line":339,"column":72},"end":{"line":363,"column":3}},"line":339},"15":{"name":"(anonymous_15)","decl":{"start":{"line":365,"column":57},"end":{"line":365,"column":64}},"loc":{"start":{"line":365,"column":77},"end":{"line":398,"column":3}},"line":365},"16":{"name":"(anonymous_16)","decl":{"start":{"line":401,"column":64},"end":{"line":401,"column":71}},"loc":{"start":{"line":401,"column":84},"end":{"line":408,"column":3}},"line":401},"17":{"name":"(anonymous_17)","decl":{"start":{"line":410,"column":84},"end":{"line":410,"column":91}},"loc":{"start":{"line":410,"column":104},"end":{"line":417,"column":3}},"line":410},"18":{"name":"(anonymous_18)","decl":{"start":{"line":419,"column":91},"end":{"line":419,"column":98}},"loc":{"start":{"line":419,"column":111},"end":{"line":426,"column":3}},"line":419},"19":{"name":"(anonymous_19)","decl":{"start":{"line":428,"column":65},"end":{"line":428,"column":72}},"loc":{"start":{"line":428,"column":85},"end":{"line":451,"column":3}},"line":428},"20":{"name":"(anonymous_20)","decl":{"start":{"line":454,"column":71},"end":{"line":454,"column":78}},"loc":{"start":{"line":454,"column":91},"end":{"line":461,"column":3}},"line":454},"21":{"name":"(anonymous_21)","decl":{"start":{"line":463,"column":91},"end":{"line":463,"column":98}},"loc":{"start":{"line":463,"column":111},"end":{"line":470,"column":3}},"line":463},"22":{"name":"(anonymous_22)","decl":{"start":{"line":472,"column":60},"end":{"line":472,"column":67}},"loc":{"start":{"line":472,"column":80},"end":{"line":495,"column":3}},"line":472},"23":{"name":"(anonymous_23)","decl":{"start":{"line":497,"column":65},"end":{"line":497,"column":72}},"loc":{"start":{"line":497,"column":85},"end":{"line":519,"column":3}},"line":497},"24":{"name":"(anonymous_24)","decl":{"start":{"line":522,"column":70},"end":{"line":522,"column":77}},"loc":{"start":{"line":522,"column":90},"end":{"line":535,"column":3}},"line":522},"25":{"name":"(anonymous_25)","decl":{"start":{"line":537,"column":90},"end":{"line":537,"column":97}},"loc":{"start":{"line":537,"column":110},"end":{"line":544,"column":3}},"line":537},"26":{"name":"(anonymous_26)","decl":{"start":{"line":546,"column":71},"end":{"line":546,"column":78}},"loc":{"start":{"line":546,"column":91},"end":{"line":569,"column":3}},"line":546},"27":{"name":"(anonymous_27)","decl":{"start":{"line":571,"column":76},"end":{"line":571,"column":83}},"loc":{"start":{"line":571,"column":96},"end":{"line":593,"column":3}},"line":571},"28":{"name":"(anonymous_28)","decl":{"start":{"line":596,"column":63},"end":{"line":596,"column":70}},"loc":{"start":{"line":596,"column":83},"end":{"line":603,"column":3}},"line":596},"29":{"name":"(anonymous_29)","decl":{"start":{"line":608,"column":55},"end":{"line":608,"column":62}},"loc":{"start":{"line":608,"column":75},"end":{"line":616,"column":3}},"line":608},"30":{"name":"(anonymous_30)","decl":{"start":{"line":618,"column":75},"end":{"line":618,"column":82}},"loc":{"start":{"line":618,"column":95},"end":{"line":625,"column":3}},"line":618},"31":{"name":"(anonymous_31)","decl":{"start":{"line":627,"column":56},"end":{"line":627,"column":63}},"loc":{"start":{"line":627,"column":76},"end":{"line":643,"column":3}},"line":627},"32":{"name":"(anonymous_32)","decl":{"start":{"line":646,"column":41},"end":{"line":646,"column":48}},"loc":{"start":{"line":646,"column":61},"end":{"line":654,"column":3}},"line":646},"33":{"name":"(anonymous_33)","decl":{"start":{"line":656,"column":49},"end":{"line":656,"column":56}},"loc":{"start":{"line":656,"column":69},"end":{"line":666,"column":3}},"line":656},"34":{"name":"(anonymous_34)","decl":{"start":{"line":668,"column":51},"end":{"line":668,"column":58}},"loc":{"start":{"line":668,"column":71},"end":{"line":679,"column":3}},"line":668},"35":{"name":"(anonymous_35)","decl":{"start":{"line":682,"column":86},"end":{"line":682,"column":93}},"loc":{"start":{"line":682,"column":106},"end":{"line":689,"column":3}},"line":682},"36":{"name":"(anonymous_36)","decl":{"start":{"line":691,"column":87},"end":{"line":691,"column":94}},"loc":{"start":{"line":691,"column":107},"end":{"line":707,"column":3}},"line":691},"37":{"name":"(anonymous_37)","decl":{"start":{"line":710,"column":68},"end":{"line":710,"column":75}},"loc":{"start":{"line":710,"column":88},"end":{"line":717,"column":3}},"line":710},"38":{"name":"(anonymous_38)","decl":{"start":{"line":719,"column":88},"end":{"line":719,"column":95}},"loc":{"start":{"line":719,"column":108},"end":{"line":726,"column":3}},"line":719},"39":{"name":"(anonymous_39)","decl":{"start":{"line":728,"column":72},"end":{"line":728,"column":79}},"loc":{"start":{"line":728,"column":92},"end":{"line":738,"column":3}},"line":728},"40":{"name":"(anonymous_40)","decl":{"start":{"line":740,"column":57},"end":{"line":740,"column":64}},"loc":{"start":{"line":740,"column":77},"end":{"line":759,"column":3}},"line":740},"41":{"name":"(anonymous_41)","decl":{"start":{"line":761,"column":62},"end":{"line":761,"column":69}},"loc":{"start":{"line":761,"column":82},"end":{"line":771,"column":3}},"line":761},"42":{"name":"(anonymous_42)","decl":{"start":{"line":774,"column":61},"end":{"line":774,"column":68}},"loc":{"start":{"line":774,"column":81},"end":{"line":823,"column":3}},"line":774}},"branchMap":{"0":{"loc":{"start":{"line":27,"column":6},"end":{"line":29,"column":null}},"type":"if","locations":[{"start":{"line":27,"column":6},"end":{"line":29,"column":null}},{"start":{},"end":{}}],"line":27},"1":{"loc":{"start":{"line":27,"column":10},"end":{"line":27,"column":34}},"type":"binary-expr","locations":[{"start":{"line":27,"column":10},"end":{"line":27,"column":23}},{"start":{"line":27,"column":23},"end":{"line":27,"column":34}}],"line":27},"2":{"loc":{"start":{"line":32,"column":6},"end":{"line":44,"column":null}},"type":"if","locations":[{"start":{"line":32,"column":6},"end":{"line":44,"column":null}},{"start":{},"end":{}}],"line":32},"3":{"loc":{"start":{"line":39,"column":21},"end":{"line":39,"column":null}},"type":"binary-expr","locations":[{"start":{"line":39,"column":21},"end":{"line":39,"column":31}},{"start":{"line":39,"column":31},"end":{"line":39,"column":59}},{"start":{"line":39,"column":59},"end":{"line":39,"column":null}}],"line":39},"4":{"loc":{"start":{"line":40,"column":21},"end":{"line":40,"column":null}},"type":"binary-expr","locations":[{"start":{"line":40,"column":21},"end":{"line":40,"column":46}},{"start":{"line":40,"column":46},"end":{"line":40,"column":null}}],"line":40},"5":{"loc":{"start":{"line":47,"column":6},"end":{"line":59,"column":null}},"type":"if","locations":[{"start":{"line":47,"column":6},"end":{"line":59,"column":null}},{"start":{},"end":{}}],"line":47},"6":{"loc":{"start":{"line":54,"column":21},"end":{"line":54,"column":null}},"type":"binary-expr","locations":[{"start":{"line":54,"column":21},"end":{"line":54,"column":31}},{"start":{"line":54,"column":31},"end":{"line":54,"column":59}},{"start":{"line":54,"column":59},"end":{"line":54,"column":null}}],"line":54},"7":{"loc":{"start":{"line":55,"column":21},"end":{"line":55,"column":null}},"type":"binary-expr","locations":[{"start":{"line":55,"column":21},"end":{"line":55,"column":46}},{"start":{"line":55,"column":46},"end":{"line":55,"column":null}}],"line":55},"8":{"loc":{"start":{"line":71,"column":19},"end":{"line":71,"column":null}},"type":"binary-expr","locations":[{"start":{"line":71,"column":19},"end":{"line":71,"column":29}},{"start":{"line":71,"column":29},"end":{"line":71,"column":57}},{"start":{"line":71,"column":57},"end":{"line":71,"column":null}}],"line":71},"9":{"loc":{"start":{"line":72,"column":19},"end":{"line":72,"column":null}},"type":"binary-expr","locations":[{"start":{"line":72,"column":19},"end":{"line":72,"column":44}},{"start":{"line":72,"column":44},"end":{"line":72,"column":null}}],"line":72},"10":{"loc":{"start":{"line":93,"column":6},"end":{"line":95,"column":null}},"type":"if","locations":[{"start":{"line":93,"column":6},"end":{"line":95,"column":null}},{"start":{},"end":{}}],"line":93},"11":{"loc":{"start":{"line":96,"column":6},"end":{"line":107,"column":null}},"type":"if","locations":[{"start":{"line":96,"column":6},"end":{"line":107,"column":null}},{"start":{},"end":{}}],"line":96},"12":{"loc":{"start":{"line":103,"column":21},"end":{"line":103,"column":null}},"type":"binary-expr","locations":[{"start":{"line":103,"column":21},"end":{"line":103,"column":31}},{"start":{"line":103,"column":31},"end":{"line":103,"column":59}},{"start":{"line":103,"column":59},"end":{"line":103,"column":null}}],"line":103},"13":{"loc":{"start":{"line":104,"column":21},"end":{"line":104,"column":null}},"type":"binary-expr","locations":[{"start":{"line":104,"column":21},"end":{"line":104,"column":46}},{"start":{"line":104,"column":46},"end":{"line":104,"column":null}}],"line":104},"14":{"loc":{"start":{"line":113,"column":4},"end":{"line":121,"column":null}},"type":"if","locations":[{"start":{"line":113,"column":4},"end":{"line":121,"column":null}},{"start":{"line":119,"column":11},"end":{"line":121,"column":null}}],"line":113},"15":{"loc":{"start":{"line":128,"column":6},"end":{"line":130,"column":null}},"type":"if","locations":[{"start":{"line":128,"column":6},"end":{"line":130,"column":null}},{"start":{},"end":{}}],"line":128},"16":{"loc":{"start":{"line":128,"column":10},"end":{"line":128,"column":45}},"type":"binary-expr","locations":[{"start":{"line":128,"column":10},"end":{"line":128,"column":23}},{"start":{"line":128,"column":23},"end":{"line":128,"column":36}},{"start":{"line":128,"column":36},"end":{"line":128,"column":45}}],"line":128},"17":{"loc":{"start":{"line":134,"column":6},"end":{"line":141,"column":null}},"type":"if","locations":[{"start":{"line":134,"column":6},"end":{"line":141,"column":null}},{"start":{},"end":{}}],"line":134},"18":{"loc":{"start":{"line":144,"column":6},"end":{"line":146,"column":null}},"type":"if","locations":[{"start":{"line":144,"column":6},"end":{"line":146,"column":null}},{"start":{},"end":{}}],"line":144},"19":{"loc":{"start":{"line":152,"column":14},"end":{"line":152,"column":null}},"type":"binary-expr","locations":[{"start":{"line":152,"column":14},"end":{"line":152,"column":22}},{"start":{"line":152,"column":22},"end":{"line":152,"column":null}}],"line":152},"20":{"loc":{"start":{"line":164,"column":19},"end":{"line":164,"column":null}},"type":"binary-expr","locations":[{"start":{"line":164,"column":19},"end":{"line":164,"column":29}},{"start":{"line":164,"column":29},"end":{"line":164,"column":57}},{"start":{"line":164,"column":57},"end":{"line":164,"column":null}}],"line":164},"21":{"loc":{"start":{"line":165,"column":19},"end":{"line":165,"column":null}},"type":"binary-expr","locations":[{"start":{"line":165,"column":19},"end":{"line":165,"column":44}},{"start":{"line":165,"column":44},"end":{"line":165,"column":null}}],"line":165},"22":{"loc":{"start":{"line":193,"column":20},"end":{"line":193,"column":null}},"type":"binary-expr","locations":[{"start":{"line":193,"column":20},"end":{"line":193,"column":45}},{"start":{"line":193,"column":45},"end":{"line":193,"column":null}}],"line":193},"23":{"loc":{"start":{"line":204,"column":6},"end":{"line":206,"column":null}},"type":"if","locations":[{"start":{"line":204,"column":6},"end":{"line":206,"column":null}},{"start":{},"end":{}}],"line":204},"24":{"loc":{"start":{"line":217,"column":6},"end":{"line":221,"column":null}},"type":"if","locations":[{"start":{"line":217,"column":6},"end":{"line":221,"column":null}},{"start":{},"end":{}}],"line":217},"25":{"loc":{"start":{"line":224,"column":6},"end":{"line":226,"column":null}},"type":"if","locations":[{"start":{"line":224,"column":6},"end":{"line":226,"column":null}},{"start":{},"end":{}}],"line":224},"26":{"loc":{"start":{"line":231,"column":16},"end":{"line":231,"column":null}},"type":"binary-expr","locations":[{"start":{"line":231,"column":16},"end":{"line":231,"column":38}},{"start":{"line":231,"column":38},"end":{"line":231,"column":null}}],"line":231},"27":{"loc":{"start":{"line":236,"column":19},"end":{"line":236,"column":null}},"type":"binary-expr","locations":[{"start":{"line":236,"column":19},"end":{"line":236,"column":29}},{"start":{"line":236,"column":29},"end":{"line":236,"column":57}},{"start":{"line":236,"column":57},"end":{"line":236,"column":null}}],"line":236},"28":{"loc":{"start":{"line":237,"column":19},"end":{"line":237,"column":null}},"type":"binary-expr","locations":[{"start":{"line":237,"column":19},"end":{"line":237,"column":44}},{"start":{"line":237,"column":44},"end":{"line":237,"column":null}}],"line":237},"29":{"loc":{"start":{"line":242,"column":6},"end":{"line":251,"column":null}},"type":"if","locations":[{"start":{"line":242,"column":6},"end":{"line":251,"column":null}},{"start":{},"end":{}}],"line":242},"30":{"loc":{"start":{"line":249,"column":21},"end":{"line":249,"column":null}},"type":"binary-expr","locations":[{"start":{"line":249,"column":21},"end":{"line":249,"column":31}},{"start":{"line":249,"column":31},"end":{"line":249,"column":59}},{"start":{"line":249,"column":59},"end":{"line":249,"column":null}}],"line":249},"31":{"loc":{"start":{"line":252,"column":6},"end":{"line":261,"column":null}},"type":"if","locations":[{"start":{"line":252,"column":6},"end":{"line":261,"column":null}},{"start":{},"end":{}}],"line":252},"32":{"loc":{"start":{"line":259,"column":21},"end":{"line":259,"column":null}},"type":"binary-expr","locations":[{"start":{"line":259,"column":21},"end":{"line":259,"column":31}},{"start":{"line":259,"column":31},"end":{"line":259,"column":59}},{"start":{"line":259,"column":59},"end":{"line":259,"column":null}}],"line":259},"33":{"loc":{"start":{"line":272,"column":6},"end":{"line":274,"column":null}},"type":"if","locations":[{"start":{"line":272,"column":6},"end":{"line":274,"column":null}},{"start":{},"end":{}}],"line":272},"34":{"loc":{"start":{"line":277,"column":16},"end":{"line":277,"column":null}},"type":"binary-expr","locations":[{"start":{"line":277,"column":16},"end":{"line":277,"column":38}},{"start":{"line":277,"column":38},"end":{"line":277,"column":60}},{"start":{"line":277,"column":60},"end":{"line":277,"column":null}}],"line":277},"35":{"loc":{"start":{"line":282,"column":19},"end":{"line":282,"column":null}},"type":"binary-expr","locations":[{"start":{"line":282,"column":19},"end":{"line":282,"column":29}},{"start":{"line":282,"column":29},"end":{"line":282,"column":57}},{"start":{"line":282,"column":57},"end":{"line":282,"column":null}}],"line":282},"36":{"loc":{"start":{"line":283,"column":19},"end":{"line":283,"column":null}},"type":"binary-expr","locations":[{"start":{"line":283,"column":19},"end":{"line":283,"column":44}},{"start":{"line":283,"column":44},"end":{"line":283,"column":null}}],"line":283},"37":{"loc":{"start":{"line":296,"column":6},"end":{"line":298,"column":null}},"type":"if","locations":[{"start":{"line":296,"column":6},"end":{"line":298,"column":null}},{"start":{},"end":{}}],"line":296},"38":{"loc":{"start":{"line":301,"column":16},"end":{"line":301,"column":null}},"type":"binary-expr","locations":[{"start":{"line":301,"column":16},"end":{"line":301,"column":38}},{"start":{"line":301,"column":38},"end":{"line":301,"column":null}}],"line":301},"39":{"loc":{"start":{"line":306,"column":19},"end":{"line":306,"column":null}},"type":"binary-expr","locations":[{"start":{"line":306,"column":19},"end":{"line":306,"column":29}},{"start":{"line":306,"column":29},"end":{"line":306,"column":57}},{"start":{"line":306,"column":57},"end":{"line":306,"column":null}}],"line":306},"40":{"loc":{"start":{"line":307,"column":19},"end":{"line":307,"column":null}},"type":"binary-expr","locations":[{"start":{"line":307,"column":19},"end":{"line":307,"column":44}},{"start":{"line":307,"column":44},"end":{"line":307,"column":null}}],"line":307},"41":{"loc":{"start":{"line":330,"column":6},"end":{"line":332,"column":null}},"type":"if","locations":[{"start":{"line":330,"column":6},"end":{"line":332,"column":null}},{"start":{},"end":{}}],"line":330},"42":{"loc":{"start":{"line":342,"column":6},"end":{"line":344,"column":null}},"type":"if","locations":[{"start":{"line":342,"column":6},"end":{"line":344,"column":null}},{"start":{},"end":{}}],"line":342},"43":{"loc":{"start":{"line":354,"column":19},"end":{"line":354,"column":null}},"type":"binary-expr","locations":[{"start":{"line":354,"column":19},"end":{"line":354,"column":29}},{"start":{"line":354,"column":29},"end":{"line":354,"column":57}},{"start":{"line":354,"column":57},"end":{"line":354,"column":null}}],"line":354},"44":{"loc":{"start":{"line":355,"column":19},"end":{"line":355,"column":null}},"type":"binary-expr","locations":[{"start":{"line":355,"column":19},"end":{"line":355,"column":44}},{"start":{"line":355,"column":44},"end":{"line":355,"column":null}}],"line":355},"45":{"loc":{"start":{"line":368,"column":6},"end":{"line":370,"column":null}},"type":"if","locations":[{"start":{"line":368,"column":6},"end":{"line":370,"column":null}},{"start":{},"end":{}}],"line":368},"46":{"loc":{"start":{"line":372,"column":6},"end":{"line":376,"column":null}},"type":"if","locations":[{"start":{"line":372,"column":6},"end":{"line":376,"column":null}},{"start":{},"end":{}}],"line":372},"47":{"loc":{"start":{"line":372,"column":10},"end":{"line":372,"column":53}},"type":"binary-expr","locations":[{"start":{"line":372,"column":10},"end":{"line":372,"column":34}},{"start":{"line":372,"column":34},"end":{"line":372,"column":53}}],"line":372},"48":{"loc":{"start":{"line":379,"column":6},"end":{"line":381,"column":null}},"type":"if","locations":[{"start":{"line":379,"column":6},"end":{"line":381,"column":null}},{"start":{},"end":{}}],"line":379},"49":{"loc":{"start":{"line":384,"column":16},"end":{"line":384,"column":null}},"type":"binary-expr","locations":[{"start":{"line":384,"column":16},"end":{"line":384,"column":38}},{"start":{"line":384,"column":38},"end":{"line":384,"column":60}},{"start":{"line":384,"column":60},"end":{"line":384,"column":null}}],"line":384},"50":{"loc":{"start":{"line":385,"column":16},"end":{"line":385,"column":null}},"type":"cond-expr","locations":[{"start":{"line":385,"column":35},"end":{"line":385,"column":46}},{"start":{"line":385,"column":46},"end":{"line":385,"column":null}}],"line":385},"51":{"loc":{"start":{"line":389,"column":19},"end":{"line":389,"column":null}},"type":"binary-expr","locations":[{"start":{"line":389,"column":19},"end":{"line":389,"column":29}},{"start":{"line":389,"column":29},"end":{"line":389,"column":57}},{"start":{"line":389,"column":57},"end":{"line":389,"column":null}}],"line":389},"52":{"loc":{"start":{"line":390,"column":19},"end":{"line":390,"column":null}},"type":"binary-expr","locations":[{"start":{"line":390,"column":19},"end":{"line":390,"column":44}},{"start":{"line":390,"column":44},"end":{"line":390,"column":null}}],"line":390},"53":{"loc":{"start":{"line":422,"column":15},"end":{"line":422,"column":29}},"type":"binary-expr","locations":[{"start":{"line":422,"column":15},"end":{"line":422,"column":25}},{"start":{"line":422,"column":25},"end":{"line":422,"column":29}}],"line":422},"54":{"loc":{"start":{"line":431,"column":6},"end":{"line":433,"column":null}},"type":"if","locations":[{"start":{"line":431,"column":6},"end":{"line":433,"column":null}},{"start":{},"end":{}}],"line":431},"55":{"loc":{"start":{"line":437,"column":16},"end":{"line":437,"column":null}},"type":"binary-expr","locations":[{"start":{"line":437,"column":16},"end":{"line":437,"column":38}},{"start":{"line":437,"column":38},"end":{"line":437,"column":69}},{"start":{"line":437,"column":69},"end":{"line":437,"column":null}}],"line":437},"56":{"loc":{"start":{"line":442,"column":19},"end":{"line":442,"column":null}},"type":"binary-expr","locations":[{"start":{"line":442,"column":19},"end":{"line":442,"column":29}},{"start":{"line":442,"column":29},"end":{"line":442,"column":57}},{"start":{"line":442,"column":57},"end":{"line":442,"column":null}}],"line":442},"57":{"loc":{"start":{"line":443,"column":19},"end":{"line":443,"column":null}},"type":"binary-expr","locations":[{"start":{"line":443,"column":19},"end":{"line":443,"column":44}},{"start":{"line":443,"column":44},"end":{"line":443,"column":null}}],"line":443},"58":{"loc":{"start":{"line":475,"column":6},"end":{"line":477,"column":null}},"type":"if","locations":[{"start":{"line":475,"column":6},"end":{"line":477,"column":null}},{"start":{},"end":{}}],"line":475},"59":{"loc":{"start":{"line":481,"column":16},"end":{"line":481,"column":null}},"type":"binary-expr","locations":[{"start":{"line":481,"column":16},"end":{"line":481,"column":38}},{"start":{"line":481,"column":38},"end":{"line":481,"column":null}}],"line":481},"60":{"loc":{"start":{"line":486,"column":19},"end":{"line":486,"column":null}},"type":"binary-expr","locations":[{"start":{"line":486,"column":19},"end":{"line":486,"column":29}},{"start":{"line":486,"column":29},"end":{"line":486,"column":57}},{"start":{"line":486,"column":57},"end":{"line":486,"column":null}}],"line":486},"61":{"loc":{"start":{"line":487,"column":19},"end":{"line":487,"column":null}},"type":"binary-expr","locations":[{"start":{"line":487,"column":19},"end":{"line":487,"column":44}},{"start":{"line":487,"column":44},"end":{"line":487,"column":null}}],"line":487},"62":{"loc":{"start":{"line":500,"column":6},"end":{"line":502,"column":null}},"type":"if","locations":[{"start":{"line":500,"column":6},"end":{"line":502,"column":null}},{"start":{},"end":{}}],"line":500},"63":{"loc":{"start":{"line":505,"column":16},"end":{"line":505,"column":null}},"type":"binary-expr","locations":[{"start":{"line":505,"column":16},"end":{"line":505,"column":38}},{"start":{"line":505,"column":38},"end":{"line":505,"column":60}},{"start":{"line":505,"column":60},"end":{"line":505,"column":null}}],"line":505},"64":{"loc":{"start":{"line":510,"column":19},"end":{"line":510,"column":null}},"type":"binary-expr","locations":[{"start":{"line":510,"column":19},"end":{"line":510,"column":29}},{"start":{"line":510,"column":29},"end":{"line":510,"column":57}},{"start":{"line":510,"column":57},"end":{"line":510,"column":null}}],"line":510},"65":{"loc":{"start":{"line":511,"column":19},"end":{"line":511,"column":null}},"type":"binary-expr","locations":[{"start":{"line":511,"column":19},"end":{"line":511,"column":44}},{"start":{"line":511,"column":44},"end":{"line":511,"column":null}}],"line":511},"66":{"loc":{"start":{"line":525,"column":6},"end":{"line":531,"column":null}},"type":"if","locations":[{"start":{"line":525,"column":6},"end":{"line":531,"column":null}},{"start":{"line":528,"column":13},"end":{"line":531,"column":null}}],"line":525},"67":{"loc":{"start":{"line":549,"column":6},"end":{"line":551,"column":null}},"type":"if","locations":[{"start":{"line":549,"column":6},"end":{"line":551,"column":null}},{"start":{},"end":{}}],"line":549},"68":{"loc":{"start":{"line":555,"column":16},"end":{"line":555,"column":null}},"type":"binary-expr","locations":[{"start":{"line":555,"column":16},"end":{"line":555,"column":38}},{"start":{"line":555,"column":38},"end":{"line":555,"column":null}}],"line":555},"69":{"loc":{"start":{"line":560,"column":19},"end":{"line":560,"column":null}},"type":"binary-expr","locations":[{"start":{"line":560,"column":19},"end":{"line":560,"column":29}},{"start":{"line":560,"column":29},"end":{"line":560,"column":57}},{"start":{"line":560,"column":57},"end":{"line":560,"column":null}}],"line":560},"70":{"loc":{"start":{"line":561,"column":19},"end":{"line":561,"column":null}},"type":"binary-expr","locations":[{"start":{"line":561,"column":19},"end":{"line":561,"column":44}},{"start":{"line":561,"column":44},"end":{"line":561,"column":null}}],"line":561},"71":{"loc":{"start":{"line":574,"column":6},"end":{"line":576,"column":null}},"type":"if","locations":[{"start":{"line":574,"column":6},"end":{"line":576,"column":null}},{"start":{},"end":{}}],"line":574},"72":{"loc":{"start":{"line":579,"column":16},"end":{"line":579,"column":null}},"type":"binary-expr","locations":[{"start":{"line":579,"column":16},"end":{"line":579,"column":38}},{"start":{"line":579,"column":38},"end":{"line":579,"column":60}},{"start":{"line":579,"column":60},"end":{"line":579,"column":null}}],"line":579},"73":{"loc":{"start":{"line":584,"column":19},"end":{"line":584,"column":null}},"type":"binary-expr","locations":[{"start":{"line":584,"column":19},"end":{"line":584,"column":29}},{"start":{"line":584,"column":29},"end":{"line":584,"column":57}},{"start":{"line":584,"column":57},"end":{"line":584,"column":null}}],"line":584},"74":{"loc":{"start":{"line":585,"column":19},"end":{"line":585,"column":null}},"type":"binary-expr","locations":[{"start":{"line":585,"column":19},"end":{"line":585,"column":44}},{"start":{"line":585,"column":44},"end":{"line":585,"column":null}}],"line":585},"75":{"loc":{"start":{"line":610,"column":20},"end":{"line":610,"column":null}},"type":"binary-expr","locations":[{"start":{"line":610,"column":20},"end":{"line":610,"column":59}},{"start":{"line":610,"column":59},"end":{"line":610,"column":null}}],"line":610},"76":{"loc":{"start":{"line":631,"column":19},"end":{"line":631,"column":null}},"type":"binary-expr","locations":[{"start":{"line":631,"column":19},"end":{"line":631,"column":29}},{"start":
[...]
:306},"32":{"name":"(anonymous_32)","decl":{"start":{"line":314,"column":22},"end":{"line":314,"column":28}},"loc":{"start":{"line":314,"column":28},"end":{"line":318,"column":6}},"line":314},"33":{"name":"(anonymous_33)","decl":{"start":{"line":322,"column":8},"end":{"line":322,"column":36}},"loc":{"start":{"line":322,"column":91},"end":{"line":348,"column":null}},"line":322},"34":{"name":"(anonymous_34)","decl":{"start":{"line":344,"column":22},"end":{"line":344,"column":28}},"loc":{"start":{"line":344,"column":28},"end":{"line":347,"column":6}},"line":344},"35":{"name":"(anonymous_35)","decl":{"start":{"line":351,"column":8},"end":{"line":351,"column":23}},"loc":{"start":{"line":351,"column":63},"end":{"line":354,"column":null}},"line":351},"36":{"name":"(anonymous_36)","decl":{"start":{"line":356,"column":8},"end":{"line":356,"column":21}},"loc":{"start":{"line":356,"column":63},"end":{"line":358,"column":null}},"line":356},"37":{"name":"(anonymous_37)","decl":{"start":{"line":360,"column":8},"end":{"line":360,"column":29}},"loc":{"start":{"line":360,"column":86},"end":{"line":364,"column":null}},"line":360},"38":{"name":"(anonymous_38)","decl":{"start":{"line":367,"column":8},"end":{"line":367,"column":22}},"loc":{"start":{"line":367,"column":57},"end":{"line":377,"column":null}},"line":367},"39":{"name":"(anonymous_39)","decl":{"start":{"line":379,"column":8},"end":{"line":379,"column":21}},"loc":{"start":{"line":379,"column":65},"end":{"line":382,"column":null}},"line":379},"40":{"name":"(anonymous_40)","decl":{"start":{"line":384,"column":8},"end":{"line":384,"column":24}},"loc":{"start":{"line":384,"column":59},"end":{"line":387,"column":null}},"line":384},"41":{"name":"(anonymous_41)","decl":{"start":{"line":390,"column":8},"end":{"line":390,"column":27}},"loc":{"start":{"line":390,"column":73},"end":{"line":394,"column":null}},"line":390},"42":{"name":"(anonymous_42)","decl":{"start":{"line":396,"column":8},"end":{"line":396,"column":29}},"loc":{"start":{"line":396,"column":85},"end":{"line":399,"column":null}},"line":396},"43":{"name":"(anonymous_43)","decl":{"start":{"line":402,"column":8},"end":{"line":402,"column":24}},"loc":{"start":{"line":402,"column":100},"end":{"line":410,"column":null}},"line":402},"44":{"name":"(anonymous_44)","decl":{"start":{"line":413,"column":8},"end":{"line":413,"column":47}},"loc":{"start":{"line":413,"column":47},"end":{"line":415,"column":null}},"line":413},"45":{"name":"(anonymous_45)","decl":{"start":{"line":417,"column":8},"end":{"line":417,"column":21}},"loc":{"start":{"line":417,"column":61},"end":{"line":421,"column":null}},"line":417},"46":{"name":"(anonymous_46)","decl":{"start":{"line":423,"column":8},"end":{"line":423,"column":20}},"loc":{"start":{"line":423,"column":63},"end":{"line":426,"column":null}},"line":423},"47":{"name":"(anonymous_47)","decl":{"start":{"line":428,"column":8},"end":{"line":428,"column":23}},"loc":{"start":{"line":428,"column":65},"end":{"line":431,"column":null}},"line":428},"48":{"name":"(anonymous_48)","decl":{"start":{"line":433,"column":8},"end":{"line":433,"column":23}},"loc":{"start":{"line":433,"column":98},"end":{"line":436,"column":null}},"line":433},"49":{"name":"(anonymous_49)","decl":{"start":{"line":438,"column":8},"end":{"line":438,"column":66}},"loc":{"start":{"line":438,"column":66},"end":{"line":468,"column":null}},"line":438},"50":{"name":"(anonymous_50)","decl":{"start":{"line":462,"column":22},"end":{"line":462,"column":28}},"loc":{"start":{"line":462,"column":28},"end":{"line":467,"column":6}},"line":462}},"branchMap":{"0":{"loc":{"start":{"line":268,"column":21},"end":{"line":268,"column":null}},"type":"binary-expr","locations":[{"start":{"line":268,"column":21},"end":{"line":268,"column":40}},{"start":{"line":268,"column":40},"end":{"line":268,"column":null}}],"line":268},"1":{"loc":{"start":{"line":269,"column":23},"end":{"line":269,"column":null}},"type":"binary-expr","locations":[{"start":{"line":269,"column":23},"end":{"line":269,"column":44}},{"start":{"line":269,"column":44},"end":{"line":269,"column":null}}],"line":269},"2":{"loc":{"start":{"line":270,"column":20},"end":{"line":270,"column":null}},"type":"binary-expr","locations":[{"start":{"line":270,"column":20},"end":{"line":270,"column":38}},{"start":{"line":270,"column":38},"end":{"line":270,"column":null}}],"line":270},"3":{"loc":{"start":{"line":299,"column":21},"end":{"line":299,"column":null}},"type":"binary-expr","locations":[{"start":{"line":299,"column":21},"end":{"line":299,"column":40}},{"start":{"line":299,"column":40},"end":{"line":299,"column":null}}],"line":299},"4":{"loc":{"start":{"line":300,"column":23},"end":{"line":300,"column":null}},"type":"binary-expr","locations":[{"start":{"line":300,"column":23},"end":{"line":300,"column":44}},{"start":{"line":300,"column":44},"end":{"line":300,"column":null}}],"line":300},"5":{"loc":{"start":{"line":301,"column":20},"end":{"line":301,"column":null}},"type":"binary-expr","locations":[{"start":{"line":301,"column":20},"end":{"line":301,"column":38}},{"start":{"line":301,"column":38},"end":{"line":301,"column":null}}],"line":301},"6":{"loc":{"start":{"line":316,"column":20},"end":{"line":316,"column":null}},"type":"binary-expr","locations":[{"start":{"line":316,"column":20},"end":{"line":316,"column":39}},{"start":{"line":316,"column":39},"end":{"line":316,"column":null}}],"line":316},"7":{"loc":{"start":{"line":317,"column":26},"end":{"line":317,"column":null}},"type":"binary-expr","locations":[{"start":{"line":317,"column":26},"end":{"line":317,"column":51}},{"start":{"line":317,"column":51},"end":{"line":317,"column":null}}],"line":317},"8":{"loc":{"start":{"line":346,"column":20},"end":{"line":346,"column":null}},"type":"binary-expr","locations":[{"start":{"line":346,"column":20},"end":{"line":346,"column":38}},{"start":{"line":346,"column":38},"end":{"line":346,"column":null}}],"line":346},"9":{"loc":{"start":{"line":356,"column":21},"end":{"line":356,"column":63}},"type":"default-arg","locations":[{"start":{"line":356,"column":37},"end":{"line":356,"column":63}}],"line":356},"10":{"loc":{"start":{"line":368,"column":4},"end":{"line":375,"column":null}},"type":"if","locations":[{"start":{"line":368,"column":4},"end":{"line":375,"column":null}},{"start":{},"end":{}}],"line":368},"11":{"loc":{"start":{"line":464,"column":21},"end":{"line":464,"column":null}},"type":"binary-expr","locations":[{"start":{"line":464,"column":21},"end":{"line":464,"column":40}},{"start":{"line":464,"column":40},"end":{"line":464,"column":null}}],"line":464},"12":{"loc":{"start":{"line":465,"column":23},"end":{"line":465,"column":null}},"type":"binary-expr","locations":[{"start":{"line":465,"column":23},"end":{"line":465,"column":44}},{"start":{"line":465,"column":44},"end":{"line":465,"column":null}}],"line":465},"13":{"loc":{"start":{"line":466,"column":20},"end":{"line":466,"column":null}},"type":"binary-expr","locations":[{"start":{"line":466,"column":20},"end":{"line":466,"column":38}},{"start":{"line":466,"column":38},"end":{"line":466,"column":null}}],"line":466}},"s":{"0":0,"1":0,"2":0,"3":0,"4":0,"5":0,"6":0,"7":0,"8":0,"9":0,"10":0,"11":0,"12":0,"13":0,"14":0,"15":0,"16":0,"17":0,"18":0,"19":0,"20":0,"21":0,"22":0,"23":0,"24":0,"25":0,"26":0,"27":0,"28":0,"29":0,"30":0,"31":0,"32":0,"33":0,"34":0,"35":0,"36":0,"37":0,"38":0,"39":0,"40":0,"41":0,"42":0,"43":0,"44":0,"45":0,"46":0,"47":0,"48":0,"49":0,"50":0,"51":0,"52":0,"53":0,"54":0,"55":0,"56":0,"57":0,"58":0,"59":0,"60":0,"61":0,"62":0,"63":0,"64":0,"65":0,"66":0,"67":0,"68":0,"69":0,"70":0,"71":0,"72":0,"73":0,"74":0,"75":0,"76":0,"77":0,"78":0,"79":0,"80":0,"81":0,"82":0},"f":{"0":0,"1":0,"2":0,"3":0,"4":0,"5":0,"6":0,"7":0,"8":0,"9":0,"10":0,"11":0,"12":0,"13":0,"14":0,"15":0,"16":0,"17":0,"18":0,"19":0,"20":0,"21":0,"22":0,"23":0,"24":0,"25":0,"26":0,"27":0,"28":0,"29":0,"30":0,"31":0,"32":0,"33":0,"34":0,"35":0,"36":0,"37":0,"38":0,"39":0,"40":0,"41":0,"42":0,"43":0,"44":0,"45":0,"46":0,"47":0,"48":0,"49":0,"50":0},"b":{"0":[0,0],"1":[0,0],"2":[0,0],"3":[0,0],"4":[0,0],"5":[0,0],"6":[0,0],"7":[0,0],"8":[0,0],"9":[0],"10":[0,0],"11":[0,0],"12":[0,0],"13":[0,0]},"meta":{"lastBranch":14,"lastFunction":51,"lastStatement":83,"seen":{"f:95:8:95:16":0,"s:96:19:96:Infinity":0,"s:97:4:97:Infinity":1,"f:100:8:100:26":1,"s:101:19:101:Infinity":2,"s:102:4:102:Infinity":3,"f:105:8:105:19":2,"s:106:19:106:Infinity":4,"s:107:4:107:Infinity":5,"f:110:8:110:36":3,"s:111:4:111:Infinity":6,"f:115:8:115:42":4,"s:116:4:116:Infinity":7,"f:119:8:119:19":5,"s:120:22:120:Infinity":8,"s:121:4:121:Infinity":9,"f:124:8:124:22":6,"s:125:25:125:Infinity":10,"s:126:4:126:Infinity":11,"f:129:8:129:22":7,"s:130:22:130:Infinity":12,"s:131:4:131:Infinity":13,"f:134:8:134:22":8,"s:135:22:135:Infinity":14,"s:136:4:136:Infinity":15,"f:139:8:139:23":9,"s:140:4:146:Infinity":16,"f:150:8:150:24":10,"s:151:4:153:Infinity":17,"f:156:8:156:23":11,"s:157:19:157:Infinity":18,"s:158:4:158:Infinity":19,"f:161:8:161:26":12,"s:162:22:162:Infinity":20,"s:163:4:163:Infinity":21,"f:166:8:166:26":13,"s:167:22:167:Infinity":22,"s:168:4:168:Infinity":23,"f:172:8:172:42":14,"s:173:4:173:Infinity":24,"f:176:8:176:18":15,"s:177:4:179:Infinity":25,"f:182:8:182:24":16,"s:183:21:186:Infinity":26,"s:187:4:187:Infinity":27,"f:190:8:190:21":17,"s:191:24:191:Infinity":28,"s:192:4:192:Infinity":29,"f:196:8:196:55":18,"s:197:4:197:Infinity":30,"f:200:8:200:25":19,"s:201:4:203:Infinity":31,"f:206:8:206:27":20,"s:207:30:207:Infinity":32,"s:208:4:208:Infinity":33,"f:211:8:211:27":21,"s:212:22:212:Infinity":34,"s:213:4:213:Infinity":35,"f:217:8:217:50":22,"s:218:4:218:Infinity":36,"f:221:8:221:33":23,"s:222:4:224:Infinity":37,"f:227:8:227:30":24,"s:228:4:230:Infinity":38,"f:233:8:233:26":25,"s:234:29:234:Infinity":39,"s:235:4:235:Infinity":40,"f:238:8:238:26":26,"s:239:22:239:Infinity":41,"s:240:4:240:Infinity":42,"f:244:8:244:72":27,"s:245:19:264:Infinity":43,"s:266:4:271:Infinity":44,"f:266:22:266:28":28,"s:266:28:271:6":45,"b:268:21:268:40:268:40:268:Infinity":0,"b:269:23:269:44:269:44:269:Infinity":1,"b:270:20:270:38:270:38:270:Infinity":2,"f:274:8:274:41":29,"s:275:19:295:Infinity":46,"s:297:4:302:Infinity":47,"f:297:22:297:28":30,"s:297:28:302:6":48,"b:299:21:299:40:299:40:299:Infinity":3,"b:300:23:300:44:300:44:300:Infinity":4,"b:301:20:301:38:301:38:301:Infinity":5,"f:306:8:306:35":31,"s:307:19:312:Infinity":49,"s:314:4:318:Infinity":50,"f:314:22:314:28":32,"s:314:28:318:6":51,"b:316:20:316:39:316:39:316:Infinity":6,"b:317:26:317:51:317:51:317:Infinity":7,"f:322:8:322:36":33,"s:323:19:342:Infinity":52,"s:344:4:347:Infinity":53,"f:344:22:344:28":34,"s:344:28:347:6":54,"b:346:20:346:38:346:38:346:Infinity":8,"f:351:8:351:23":35,"s:352:21:352:Infinity":55,"s:353:4:353:Infinity":56,"f:356:8:356:21":36,"b:356:37:356:63":9,"s:357:4:357:Infinity":57,"f:360:8:360:29":37,"s:361:4:363:Infinity":58,"f:367:8:367:22":38,"b:368:4:375:Infinity:undefined:undefined:undefined:undefined":10,"s:368:4:375:Infinity":59,"s:369:6:374:Infinity":60,"s:376:4:376:Infinity":61,"f:379:8:379:21":39,"s:380:19:380:Infinity":62,"s:381:4:381:Infinity":63,"f:384:8:384:24":40,"s:385:22:385:Infinity":64,"s:386:4:386:Infinity":65,"f:390:8:390:27":41,"s:391:4:393:Infinity":66,"f:396:8:396:29":42,"s:397:25:397:Infinity":67,"s:398:4:398:Infinity":68,"f:402:8:402:24":43,"s:403:22:408:Infinity":69,"s:409:4:409:Infinity":70,"f:413:8:413:47":44,"s:414:4:414:Infinity":71,"f:417:8:417:21":45,"s:418:4:420:Infinity":72,"f:423:8:423:20":46,"s:424:20:424:Infinity":73,"s:425:4:425:Infinity":74,"f:428:8:428:23":47,"s:429:23:429:Infinity":75,"s:430:4:430:Infinity":76,"f:433:8:433:23":48,"s:434:22:434:Infinity":77,"s:435:4:435:Infinity":78,"f:438:8:438:66":49,"s:439:19:460:Infinity":79,"s:462:4:467:Infinity":80,"f:462:22:462:28":50,"s:462:28:467:6":81,"b:464:21:464:40:464:40:464:Infinity":11,"b:465:23:465:44:465:44:465:Infinity":12,"b:466:20:466:38:466:38:466:Infinity":13,"s:471:23:471:Infinity":82}}}
,"/home/runner/workspace/shared/schema.ts": {"path":"/home/runner/workspace/shared/schema.ts","statementMap":{"0":{"start":{"line":7,"column":13},"end":{"line":16,"column":null}},"1":{"start":{"line":19,"column":13},"end":{"line":47,"column":null}},"2":{"start":{"line":50,"column":13},"end":{"line":99,"column":null}},"3":{"start":{"line":52,"column":62},"end":{"line":52,"column":73}},"4":{"start":{"line":53,"column":60},"end":{"line":53,"column":68}},"5":{"start":{"line":97,"column":57},"end":{"line":97,"column":65}},"6":{"start":{"line":102,"column":13},"end":{"line":117,"column":null}},"7":{"start":{"line":104,"column":62},"end":{"line":104,"column":73}},"8":{"start":{"line":105,"column":65},"end":{"line":105,"column":73}},"9":{"start":{"line":120,"column":13},"end":{"line":133,"column":null}},"10":{"start":{"line":122,"column":62},"end":{"line":122,"column":73}},"11":{"start":{"line":123,"column":60},"end":{"line":123,"column":68}},"12":{"start":{"line":136,"column":13},"end":{"line":146,"column":null}},"13":{"start":{"line":138,"column":46},"end":{"line":138,"column":54}},"14":{"start":{"line":149,"column":13},"end":{"line":153,"column":null}},"15":{"start":{"line":156,"column":13},"end":{"line":179,"column":null}},"16":{"start":{"line":158,"column":62},"end":{"line":158,"column":73}},"17":{"start":{"line":159,"column":50},"end":{"line":159,"column":58}},"18":{"start":{"line":182,"column":13},"end":{"line":192,"column":null}},"19":{"start":{"line":184,"column":62},"end":{"line":184,"column":73}},"20":{"start":{"line":185,"column":60},"end":{"line":185,"column":68}},"21":{"start":{"line":195,"column":13},"end":{"line":208,"column":null}},"22":{"start":{"line":197,"column":62},"end":{"line":197,"column":73}},"23":{"start":{"line":198,"column":60},"end":{"line":198,"column":68}},"24":{"start":{"line":211,"column":13},"end":{"line":228,"column":null}},"25":{"start":{"line":213,"column":62},"end":{"line":213,"column":73}},"26":{"start":{"line":214,"column":66},"end":{"line":214,"column":74}},"27":{"start":{"line":219,"column":65},"end":{"line":219,"column":74}},"28":{"start":{"line":231,"column":13},"end":{"line":252,"column":null}},"29":{"start":{"line":255,"column":13},"end":{"line":255,"column":null}},"30":{"start":{"line":256,"column":13},"end":{"line":256,"column":null}},"31":{"start":{"line":257,"column":13},"end":{"line":257,"column":null}},"32":{"start":{"line":258,"column":13},"end":{"line":258,"column":null}},"33":{"start":{"line":259,"column":13},"end":{"line":259,"column":null}},"34":{"start":{"line":260,"column":13},"end":{"line":260,"column":null}},"35":{"start":{"line":261,"column":13},"end":{"line":261,"column":null}},"36":{"start":{"line":262,"column":13},"end":{"line":262,"column":null}},"37":{"start":{"line":263,"column":13},"end":{"line":263,"column":null}},"38":{"start":{"line":264,"column":13},"end":{"line":264,"column":null}},"39":{"start":{"line":265,"column":13},"end":{"line":265,"column":null}},"40":{"start":{"line":266,"column":13},"end":{"line":266,"column":null}}},"fnMap":{"0":{"name":"(anonymous_0)","decl":{"start":{"line":52,"column":56},"end":{"line":52,"column":62}},"loc":{"start":{"line":52,"column":62},"end":{"line":52,"column":73}},"line":52},"1":{"name":"(anonymous_1)","decl":{"start":{"line":53,"column":54},"end":{"line":53,"column":60}},"loc":{"start":{"line":53,"column":60},"end":{"line":53,"column":68}},"line":53},"2":{"name":"(anonymous_2)","decl":{"start":{"line":97,"column":51},"end":{"line":97,"column":57}},"loc":{"start":{"line":97,"column":57},"end":{"line":97,"column":65}},"line":97},"3":{"name":"(anonymous_3)","decl":{"start":{"line":104,"column":56},"end":{"line":104,"column":62}},"loc":{"start":{"line":104,"column":62},"end":{"line":104,"column":73}},"line":104},"4":{"name":"(anonymous_4)","decl":{"start":{"line":105,"column":59},"end":{"line":105,"column":65}},"loc":{"start":{"line":105,"column":65},"end":{"line":105,"column":73}},"line":105},"5":{"name":"(anonymous_5)","decl":{"start":{"line":122,"column":56},"end":{"line":122,"column":62}},"loc":{"start":{"line":122,"column":62},"end":{"line":122,"column":73}},"line":122},"6":{"name":"(anonymous_6)","decl":{"start":{"line":123,"column":54},"end":{"line":123,"column":60}},"loc":{"start":{"line":123,"column":60},"end":{"line":123,"column":68}},"line":123},"7":{"name":"(anonymous_7)","decl":{"start":{"line":138,"column":40},"end":{"line":138,"column":46}},"loc":{"start":{"line":138,"column":46},"end":{"line":138,"column":54}},"line":138},"8":{"name":"(anonymous_8)","decl":{"start":{"line":158,"column":56},"end":{"line":158,"column":62}},"loc":{"start":{"line":158,"column":62},"end":{"line":158,"column":73}},"line":158},"9":{"name":"(anonymous_9)","decl":{"start":{"line":159,"column":44},"end":{"line":159,"column":50}},"loc":{"start":{"line":159,"column":50},"end":{"line":159,"column":58}},"line":159},"10":{"name":"(anonymous_10)","decl":{"start":{"line":184,"column":56},"end":{"line":184,"column":62}},"loc":{"start":{"line":184,"column":62},"end":{"line":184,"column":73}},"line":184},"11":{"name":"(anonymous_11)","decl":{"start":{"line":185,"column":54},"end":{"line":185,"column":60}},"loc":{"start":{"line":185,"column":60},"end":{"line":185,"column":68}},"line":185},"12":{"name":"(anonymous_12)","decl":{"start":{"line":197,"column":56},"end":{"line":197,"column":62}},"loc":{"start":{"line":197,"column":62},"end":{"line":197,"column":73}},"line":197},"13":{"name":"(anonymous_13)","decl":{"start":{"line":198,"column":54},"end":{"line":198,"column":60}},"loc":{"start":{"line":198,"column":60},"end":{"line":198,"column":68}},"line":198},"14":{"name":"(anonymous_14)","decl":{"start":{"line":213,"column":56},"end":{"line":213,"column":62}},"loc":{"start":{"line":213,"column":62},"end":{"line":213,"column":73}},"line":213},"15":{"name":"(anonymous_15)","decl":{"start":{"line":214,"column":60},"end":{"line":214,"column":66}},"loc":{"start":{"line":214,"column":66},"end":{"line":214,"column":74}},"line":214},"16":{"name":"(anonymous_16)","decl":{"start":{"line":219,"column":59},"end":{"line":219,"column":65}},"loc":{"start":{"line":219,"column":65},"end":{"line":219,"column":74}},"line":219}},"branchMap":{},"s":{"0":0,"1":0,"2":0,"3":0,"4":0,"5":0,"6":0,"7":0,"8":0,"9":0,"10":0,"11":0,"12":0,"13":0,"14":0,"15":0,"16":0,"17":0,"18":0,"19":0,"20":0,"21":0,"22":0,"23":0,"24":0,"25":0,"26":0,"27":0,"28":0,"29":0,"30":0,"31":0,"32":0,"33":0,"34":0,"35":0,"36":0,"37":0,"38":0,"39":0,"40":0},"f":{"0":0,"1":0,"2":0,"3":0,"4":0,"5":0,"6":0,"7":0,"8":0,"9":0,"10":0,"11":0,"12":0,"13":0,"14":0,"15":0,"16":0},"b":{},"meta":{"lastBranch":0,"lastFunction":17,"lastStatement":41,"seen":{"s:7:13:16:Infinity":0,"s:19:13:47:Infinity":1,"s:50:13:99:Infinity":2,"f:52:56:52:62":0,"s:52:62:52:73":3,"f:53:54:53:60":1,"s:53:60:53:68":4,"f:97:51:97:57":2,"s:97:57:97:65":5,"s:102:13:117:Infinity":6,"f:104:56:104:62":3,"s:104:62:104:73":7,"f:105:59:105:65":4,"s:105:65:105:73":8,"s:120:13:133:Infinity":9,"f:122:56:122:62":5,"s:122:62:122:73":10,"f:123:54:123:60":6,"s:123:60:123:68":11,"s:136:13:146:Infinity":12,"f:138:40:138:46":7,"s:138:46:138:54":13,"s:149:13:153:Infinity":14,"s:156:13:179:Infinity":15,"f:158:56:158:62":8,"s:158:62:158:73":16,"f:159:44:159:50":9,"s:159:50:159:58":17,"s:182:13:192:Infinity":18,"f:184:56:184:62":10,"s:184:62:184:73":19,"f:185:54:185:60":11,"s:185:60:185:68":20,"s:195:13:208:Infinity":21,"f:197:56:197:62":12,"s:197:62:197:73":22,"f:198:54:198:60":13,"s:198:60:198:68":23,"s:211:13:228:Infinity":24,"f:213:56:213:62":14,"s:213:62:213:73":25,"f:214:60:214:66":15,"s:214:66:214:74":26,"f:219:59:219:65":16,"s:219:65:219:74":27,"s:231:13:252:Infinity":28,"s:255:13:255:Infinity":29,"s:256:13:256:Infinity":30,"s:257:13:257:Infinity":31,"s:258:13:258:Infinity":32,"s:259:13:259:Infinity":33,"s:260:13:260:Infinity":34,"s:261:13:261:Infinity":35,"s:262:13:262:Infinity":36,"s:263:13:263:Infinity":37,"s:264:13:264:Infinity":38,"s:265:13:265:Infinity":39,"s:266:13:266:Infinity":40}}}
}
